97.01.09 11:14 A C:\Website\images\myname6.gif --> home.clara.net /images myname6.gif
97.01.09 11:16 A C:\Website\images\mystudio.gif --> home.clara.net /images mystudio.gif
97.01.09 11:16 A C:\Website\images\newzipart4.gif --> home.clara.net /images newzipart4.gif
97.01.09 11:17 A C:\Website\images\bigintro2.gif --> home.clara.net /images bigintro2.gif
97.01.09 11:17 A C:\Website\images\eyes.gif --> home.clara.net /images eyes.gif
97.01.09 11:18 A C:\Website\images\blinkicons.gif --> home.clara.net /images blinkicons.gif
97.01.09 11:18 B C:\Website\images\blinkicons.gif --> home.clara.net /images blinkicons.gif
97.01.09 11:20 B C:\Website\images\bigintro2.gif --> home.clara.net /images bigintro2.gif
97.01.09 11:20 B C:\Website\images\eyes.gif --> home.clara.net /images eyes.gif
97.01.09 11:20 B C:\Website\images\lednowords2.gif --> home.clara.net /images lednowords2.gif
97.01.09 11:21 B C:\Website\images\message.gif --> home.clara.net /images message.gif
97.01.09 11:21 B C:\Website\images\myname6.gif --> home.clara.net /images myname6.gif
97.01.09 11:22 B C:\Website\images\mystudio.gif --> home.clara.net /images mystudio.gif
97.01.09 11:22 B C:\Website\images\newzipart4.gif --> home.clara.net /images newzipart4.gif
97.01.09 11:23 B C:\Website\images\dropwave.gif --> home.clara.net /images dropwave.gif
97.01.09 11:24 B C:\Website\images\Image17.gif --> home.clara.net /images Image17.gif
97.01.09 11:24 B C:\Website\images\Image_11.gif --> home.clara.net /images Image_11.gif
97.01.09 11:24 B C:\Website\images\Image_21.gif --> home.clara.net /images Image_21.gif
97.01.09 11:24 B C:\Website\images\timesqled.gif --> home.clara.net /images timesqled.gif
97.01.09 11:26 B C:\Website\images\bluechip.gif --> home.clara.net /images bluechip.gif
97.01.09 11:26 B C:\Website\images\Image6.gif --> home.clara.net /images Image6.gif
97.01.09 11:26 B C:\Website\images\Image_15.gif --> home.clara.net /images Image_15.gif
97.01.09 11:26 B C:\Website\images\Image_3.gif --> home.clara.net /images Image_3.gif
97.01.09 11:26 B C:\Website\images\Image_32.gif --> home.clara.net /images Image_32.gif
97.01.09 11:26 B C:\Website\images\thinbluline.jpg --> home.clara.net /images thinbluline.jpg
97.01.09 11:26 B C:\Website\images\weave.gif --> home.clara.net /images weave.gif
97.01.09 11:27 B C:\Website\images\Image_20.gif --> home.clara.net /images Image_20.gif
97.01.09 11:27 B C:\Website\images\Image_27.gif --> home.clara.net /images Image_27.gif
97.01.09 11:27 B C:\Website\images\Image_30.gif --> home.clara.net /images Image_30.gif
97.01.09 11:28 B C:\Website\images\Image_33.gif --> home.clara.net /images Image_33.gif
97.01.09 12:44 B C:\WebSite\images\Image_11.gif --> home.clara.net /images Image_11.gif
97.01.09 12:44 B C:\WebSite\images\Image_15.gif --> home.clara.net /images Image_15.gif
97.01.09 12:45 B C:\WebSite\images\Image_3.gif --> home.clara.net /images Image_3.gif
97.01.09 12:45 B C:\WebSite\images\Image_32.gif --> home.clara.net /images Image_32.gif
97.01.09 12:45 B C:\WebSite\images\Image6.gif --> home.clara.net /images Image6.gif
97.01.09 12:56 B C:\WebSite\images\Image11.gif --> home.clara.net /images Image11.gif
97.01.09 14:09 B C:\WebSite\images\image11.gif --> home.clara.net /images image11.gif
97.01.09 14:09 B C:\WebSite\images\image17.gif --> home.clara.net /images image17.gif
97.01.09 14:09 B C:\WebSite\images\image6.gif --> home.clara.net /images image6.gif
97.01.09 14:10 B C:\WebSite\images\image_15.gif --> home.clara.net /images image_15.gif
97.01.09 14:10 B C:\WebSite\images\image_20.gif --> home.clara.net /images image_20.gif
97.01.09 14:10 B C:\WebSite\images\image_21.gif --> home.clara.net /images image_21.gif
97.01.09 14:10 B C:\WebSite\images\image_27.gif --> home.clara.net /images image_27.gif
97.01.09 14:10 B C:\WebSite\images\image_3.gif --> home.clara.net /images image_3.gif
97.01.09 14:10 B C:\WebSite\images\image_30.gif --> home.clara.net /images image_30.gif
97.01.09 14:10 B C:\WebSite\images\image_32.gif --> home.clara.net /images image_32.gif
97.01.09 14:10 B C:\WebSite\images\Image_33.gif --> home.clara.net /images Image_33.gif
97.01.09 14:20 B C:\WebSite\images\image_11.gif --> home.clara.net /images image_11.gif
97.01.09 16:09 B C:\WebSite\images\close8.gif --> home.clara.net /images close8.gif
97.01.09 16:09 B C:\WebSite\images\horizline.gif --> home.clara.net /images horizline.gif
97.01.09 16:09 B C:\WebSite\images\studio.gif --> home.clara.net /images studio.gif
97.01.12 11:36 B C:\WebSite\images\close8.gif --> home.clara.net /images close8.gif
97.01.12 14:36 B C:\WebSite\images\image10.gif --> home.clara.net /images image10.gif
97.01.12 14:36 B C:\WebSite\images\image_.gif --> home.clara.net /images image_.gif
97.01.12 14:36 B C:\WebSite\images\image_13.gif --> home.clara.net /images image_13.gif
97.01.12 14:36 B C:\WebSite\images\image_15.gif --> home.clara.net /images image_15.gif
97.01.12 14:36 B C:\WebSite\images\image_2.gif --> home.clara.net /images image_2.gif
97.01.12 14:36 B C:\WebSite\images\image_25.gif --> home.clara.net /images image_25.gif
97.01.12 14:37 B C:\WebSite\images\image_31.gif --> home.clara.net /images image_31.gif
97.01.12 14:37 B C:\WebSite\images\image_4.gif --> home.clara.net /images image_4.gif
97.01.12 14:37 B C:\WebSite\images\image_8.gif --> home.clara.net /images image_8.gif
97.01.12 14:39 B C:\WebSite\images\image2.gif --> home.clara.net /images image2.gif
97.01.12 14:40 B C:\WebSite\images\image5.gif --> home.clara.net /images image5.gif
97.01.15 18:56 B C:\WebSite\images\filmstrip.gif --> home.clara.net /images filmstrip.gif
97.01.29 21:57 B C:\WebSite\images\fmfposter.gif --> home.clara.net /images fmfposter.gif
97.02.03 17:48 B C:\WebSite\images\paulklee.jpg --> home.clara.net /gallery paulklee.jpg
97.02.04 20:34 B C:\WebSite\images\bt.jpg --> home.clara.net /images bt.jpg
97.02.04 20:34 B C:\WebSite\images\orches01.jpg --> home.clara.net /images orches01.jpg
97.02.04 20:34 B C:\WebSite\images\orchestra.jpg --> home.clara.net /images orchestra.jpg
97.02.04 20:34 B C:\WebSite\images\piano.jpg --> home.clara.net /images piano.jpg
97.02.04 20:34 B C:\WebSite\images\spin_on.jpg --> home.clara.net /images spin_on.jpg
97.02.04 20:35 B C:\WebSite\images\spinoff.jpg --> home.clara.net /images spinoff.jpg
97.02.04 20:35 B C:\WebSite\images\superstringsmall.jpg --> home.clara.net /images superstringsmall.jpg
97.02.04 20:35 B C:\WebSite\images\swiss.jpg --> home.clara.net /images swiss.jpg
97.02.04 20:35 B C:\WebSite\images\swiss2.jpg --> home.clara.net /images swiss2.jpg
97.02.04 22:53 B C:\WebSite\images\spinme.jpg --> home.clara.net /images spinme.jpg
97.02.06 16:57 B C:\WebSite\images\pianosmall.jpg --> home.clara.net / pianosmall.jpg
97.02.06 16:57 B C:\WebSite\images\pianosmall.jpg --> home.clara.net /images pianosmall.jpg
97.02.07 17:00 B C:\WebSite\images\orches01.jpg --> home.clara.net /images orches01.jpg
97.02.09 20:59 B C:\WebSite\images\backgbtn.jpg --> home.clara.net /images backgbtn.jpg
97.02.09 20:59 B C:\WebSite\images\gallerybtn.jpg --> home.clara.net /images gallerybtn.jpg
97.02.09 20:59 B C:\WebSite\images\menu2.gif --> home.clara.net /images menu2.gif
97.02.09 20:59 B C:\WebSite\images\menu2a.jpg --> home.clara.net /images menu2a.jpg
97.02.09 20:59 B C:\WebSite\images\menu3.gif --> home.clara.net /images menu3.gif
97.02.09 20:59 B C:\WebSite\images\menu3a.jpg --> home.clara.net /images menu3a.jpg
97.02.09 20:59 B C:\WebSite\images\stringbtn.jpg --> home.clara.net /images stringbtn.jpg
97.02.09 20:59 B C:\WebSite\images\zipbtn.jpg --> home.clara.net /images zipbtn.jpg
97.02.10 21:01 B C:\WebSite\images\close8.gif --> home.clara.net /images close8.gif
97.02.11 12:09 B C:\WebSite\images\bigintro2.gif --> home.clara.net /images bigintro2.gif
97.02.11 12:10 B C:\WebSite\images\lednowords.gif --> home.clara.net /images lednowords.gif
97.02.11 12:10 B C:\WebSite\images\lednowords2.gif --> home.clara.net /images lednowords2.gif
97.02.11 12:10 B C:\WebSite\images\message.gif --> home.clara.net /images message.gif
97.02.14 18:27 B C:\WebSite\images\studiobtn.jpg --> home.clara.net /images studiobtn.jpg
97.02.15 10:24 B C:\WebSite\images\bluechiplg.jpg --> home.clara.net /images bluechiplg.jpg
97.02.15 19:00 B C:\WebSite\images\menu0a.jpg --> home.clara.net /images menu0a.jpg
97.02.15 19:00 B C:\WebSite\images\menu1a.jpg --> home.clara.net /images menu1a.jpg
97.02.15 19:00 B C:\WebSite\images\menu4a.jpg --> home.clara.net /images menu4a.jpg
97.02.15 19:00 B C:\WebSite\images\menu5a.jpg --> home.clara.net /images menu5a.jpg
97.02.15 19:00 B C:\WebSite\images\menu6a.jpg --> home.clara.net /images menu6a.jpg
97.02.15 19:00 B C:\WebSite\images\menu7a.jpg --> home.clara.net /images menu7a.jpg
97.02.15 19:00 B C:\WebSite\images\menu8a.jpg --> home.clara.net /images menu8a.jpg
97.02.15 19:00 B C:\WebSite\images\messagebtn.gif --> home.clara.net /images messagebtn.gif
97.02.15 19:00 B C:\WebSite\images\noledbtn.gif --> home.clara.net /images noledbtn.gif
97.02.15 19:00 B C:\WebSite\images\stringbtn.jpg --> home.clara.net /images stringbtn.jpg
97.02.15 19:00 B C:\WebSite\images\studiobtn.jpg --> home.clara.net /images studiobtn.jpg
97.02.15 19:08 B C:\WebSite\images\stringaltbtn.jpg --> home.clara.net /images stringaltbtn.jpg
97.02.17 14:20 B C:\WebSite\images\message.gif --> home.clara.net /images message.gif
97.03.03 21:07 B C:\WebSite\images\fmfposter.jpg --> home.clara.net /images fmfposter.jpg
97.03.07 18:28 B C:\WebSite\images\gigabtn.jpg --> home.clara.net /images gigabtn.jpg
97.03.07 18:28 B C:\WebSite\images\javazipbtn.jpg --> home.clara.net /images javazipbtn.jpg
97.03.07 18:29 B C:\WebSite\images\stringbtn.jpg --> home.clara.net /images stringbtn.jpg
97.07.28 22:50 B C:\WebSite\images\studio.gif --> home.clara.net /images studio.gif
97.11.19 12:12 B C:\WebSite\images\helloworld.gif --> home.clara.net /images helloworld.gif
97.11.19 12:13 B C:\WebSite\images\magicani.gif --> home.clara.net /images magicani.gif
97.11.19 12:13 B C:\WebSite\images\technoramasmall.jpg --> home.clara.net /images technoramasmall.jpg
97.11.19 12:13 B C:\WebSite\images\zipanimation.gif --> home.clara.net /images zipanimation.gif
98.01.26 11:46 B C:\WebSite\images\dark.jpg --> home.clara.net /images dark.jpg
98.01.26 11:47 B C:\WebSite\images\dark01.jpg --> home.clara.net /images dark01.jpg
98.01.26 11:47 B C:\WebSite\images\dark02.jpg --> home.clara.net /images dark02.jpg
98.01.26 11:47 B C:\WebSite\images\dark03.jpg --> home.clara.net /images dark03.jpg
98.01.26 11:47 B C:\WebSite\images\dark04.jpg --> home.clara.net /images dark04.jpg
98.01.26 11:47 B C:\WebSite\images\nyblue.jpg --> home.clara.net /images nyblue.jpg
98.02.03 16:45 B C:\WebSite\images\hello.gif --> home.clara.net /images hello.gif
98.05.04 21:46 B C:\WebSite\images\littlegirl.jpg --> home.clara.net /images littlegirl.jpg
98.06.23 18:43 B C:\WebSite\images\diagram.gif --> home.clara.net /webspace/images diagram.gif
98.06.23 18:43 B C:\WebSite\images\guardian.gif --> home.clara.net /webspace/images guardian.gif
98.06.23 18:43 B C:\WebSite\images\nyplan.gif --> home.clara.net /webspace/images nyplan.gif
98.06.23 18:43 B C:\WebSite\images\ropedrive.gif --> home.clara.net /webspace/images ropedrive.gif
98.06.23 18:43 B C:\WebSite\images\self.jpg --> home.clara.net /webspace/images self.jpg
98.06.23 18:43 B C:\WebSite\images\upright.jpg --> home.clara.net /webspace/images upright.jpg
98.06.23 18:43 B C:\WebSite\images\uprightdiagram.gif --> home.clara.net /webspace/images uprightdiagram.gif
98.06.23 18:43 B C:\WebSite\images\villagevoice.gif --> home.clara.net /webspace/images villagevoice.gif
98.06.23 18:44 B C:\WebSite\images\voicepic.jpg --> home.clara.net /webspace/images voicepic.jpg
98.07.17 12:16 B C:\WebSite\images\tag.gif --> home.clara.net /webspace/images tag.gif
98.07.17 12:18 B C:\WebSite\images\lands.gif --> home.clara.net /webspace/images lands.gif
98.12.01 20:40 B C:\WebSite\images\clef.gif --> home.clara.net /webspace/images clef.gif
98.12.03 21:05 B C:\WebSite\images\superstring.jpg --> home.clara.net /webspace/images superstring.jpg
99.02.03 21:35 B C:\WebSite\images\littlegirl.jpg --> home.clara.net /webspace/images littlegirl.jpg
100.01.31 22:58 B C:\WebSite\images\ligthwavedetail.jpg --> home.clara.net /webspace/images ligthwavedetail.jpg
100.01.31 22:58 B C:\WebSite\images\nambu.jpg --> home.clara.net /webspace/images nambu.jpg
100.01.31 22:58 B C:\WebSite\images\nambu2.jpg --> home.clara.net /webspace/images nambu2.jpg
100.01.31 22:59 B C:\WebSite\images\nutopia.jpg --> home.clara.net /webspace/images nutopia.jpg
100.01.31 22:59 B C:\WebSite\images\nutopia2.jpg --> home.clara.net /webspace/images nutopia2.jpg
100.01.31 22:59 B C:\WebSite\images\planet.jpg --> home.clara.net /webspace/images planet.jpg
100.01.31 22:59 B C:\WebSite\images\planetbtn.jpg --> home.clara.net /webspace/images planetbtn.jpg
100.01.31 22:59 B C:\WebSite\images\planetbtngrey.jpg --> home.clara.net /webspace/images planetbtngrey.jpg
100.01.31 23:00 B C:\WebSite\images\littlegirllo.jpg --> home.clara.net /webspace/images littlegirllo.jpg
100.01.31 23:00 B C:\WebSite\images\walsallgallery.jpg --> home.clara.net /webspace/images walsallgallery.jpg
100.01.31 23:06 B C:\WebSite\images\nambuscreen.gif --> home.clara.net /webspace/images nambuscreen.gif
100.02.04 18:54 B C:\WebSite\images\horizline.gif --> home.clara.net /webspace/images horizline.gif
100.02.04 18:58 B C:\WebSite\images\horizline.gif --> home.clara.net /webspace/images horizline.gif
100.02.13 22:52 B C:\WebSite\images\dark00.jpg --> home.clara.net /webspace/images dark00.jpg
100.02.13 22:52 B C:\WebSite\images\Actuel.jpg --> home.clara.net /webspace/images Actuel.jpg
100.02.13 22:53 B C:\WebSite\images\Actuel2.jpg --> home.clara.net /webspace/images Actuel2.jpg
100.02.13 22:53 B C:\WebSite\images\littlegirllo.jpg --> home.clara.net /webspace/images littlegirllo.jpg
100.02.13 22:54 B C:\WebSite\images\nutopia2.jpg --> home.clara.net /webspace/images nutopia2.jpg
100.02.13 22:54 B C:\WebSite\images\nutopia3.jpg --> home.clara.net /webspace/images nutopia3.jpg
100.02.13 22:55 B C:\WebSite\images\nutopiabandw.jpg --> home.clara.net /webspace/images nutopiabandw.jpg
100.02.13 22:59 B C:\WebSite\images\planet.jpg --> home.clara.net /webspace/images planet.jpg
100.03.02 21:08 B C:\WebSite\images\computerarts.jpg --> home.clara.net /webspace/images computerarts.jpg
100.03.06 18:40 B C:\WebSite\images\g2.gif --> home.clara.net /webspace/images g2.gif
100.03.06 18:40 B C:\WebSite\images\timeout.gif --> home.clara.net /webspace/images timeout.gif
100.03.06 18:41 B C:\WebSite\images\timeout_02.jpg --> home.clara.net /webspace/images timeout_02.jpg
100.03.22 10:45 B C:\WebSite\images\10000kisses.jpg --> home.clara.net /webspace/images 10000kisses.jpg
100.03.22 10:46 B C:\WebSite\images\heryes.jpg --> home.clara.net /webspace/images heryes.jpg
100.03.22 10:46 B C:\WebSite\images\hiseyes.jpg --> home.clara.net /webspace/images hiseyes.jpg
100.03.22 10:46 B C:\WebSite\images\pixel.jpg --> home.clara.net /webspace/images pixel.jpg
100.03.22 10:46 B C:\WebSite\images\rendered1.jpg --> home.clara.net /webspace/images rendered1.jpg
100.10.08 17:48 B C:\WebSite\images\background.jpg --> home.clara.net /webspace/images background.jpg
100.10.08 17:48 B C:\WebSite\images\postcard.jpg --> home.clara.net /webspace/images postcard.jpg
100.11.02 10:35 B C:\WebSite\images\barcelona.jpg --> home.clara.net /webspace/images barcelona.jpg
100.11.02 10:35 B C:\WebSite\images\Barcelona3.jpg --> home.clara.net /webspace/images Barcelona3.jpg
100.11.02 10:36 B C:\WebSite\images\Barcelona4.jpg --> home.clara.net /webspace/images Barcelona4.jpg
100.11.02 10:36 B C:\WebSite\images\barcelonasmall.jpg --> home.clara.net /webspace/images barcelonasmall.jpg
100.11.02 10:36 B C:\WebSite\images\metromanchester.jpg --> home.clara.net /webspace/images metromanchester.jpg
100.11.02 10:36 B C:\WebSite\images\planetbtn.gif --> home.clara.net /webspace/images planetbtn.gif
100.11.02 10:36 B C:\WebSite\images\transparent.gif --> home.clara.net /webspace/images transparent.gif
100.11.02 10:36 B C:\WebSite\images\wavefactory1.jpg --> home.clara.net /webspace/images wavefactory1.jpg
100.11.02 10:36 B C:\WebSite\images\wavefactory1small.jpg --> home.clara.net /webspace/images wavefactory1small.jpg
100.11.02 10:37 B C:\WebSite\images\wavefactory2.jpg --> home.clara.net /webspace/images wavefactory2.jpg
100.11.02 10:37 B C:\WebSite\images\wavefactory5.jpg --> home.clara.net /webspace/images wavefactory5.jpg
100.11.02 10:43 B C:\WebSite\images\nambusmall.jpg --> home.clara.net /webspace/images nambusmall.jpg
101.04.25 10:19 B C:\WebSite\images\creteil1.jpg --> home.clara.net /webspace/images creteil1.jpg
101.04.25 10:19 B C:\WebSite\images\creteil2.jpg --> home.clara.net /webspace/images creteil2.jpg
101.04.25 10:19 B C:\WebSite\images\creteil3.jpg --> home.clara.net /webspace/images creteil3.jpg
101.04.25 10:19 B C:\WebSite\images\creteil4.jpg --> home.clara.net /webspace/images creteil4.jpg
101.04.25 10:19 B C:\WebSite\images\littlefrance.jpg --> home.clara.net /webspace/images littlefrance.jpg
101.04.25 10:20 B C:\WebSite\images\m4.jpg --> home.clara.net /webspace/images m4.jpg
101.04.25 10:20 B C:\WebSite\images\maubeuge1.jpg --> home.clara.net /webspace/images maubeuge1.jpg
101.04.25 10:21 B C:\WebSite\images\maubeuge2.jpg --> home.clara.net /webspace/images maubeuge2.jpg
101.04.25 10:21 B C:\WebSite\images\maubeuge21.jpg --> home.clara.net /webspace/images maubeuge21.jpg
101.11.03 15:31 B C:\WebSite\images\chinesearticle.jpg --> home.clara.net /webspace/images chinesearticle.jpg
101.11.03 15:31 B C:\WebSite\images\chinesepaper.jpg --> home.clara.net /webspace/images chinesepaper.jpg
101.11.03 15:32 B C:\WebSite\images\Me1954.jpg --> home.clara.net /webspace/images Me1954.jpg
101.11.03 15:34 B C:\WebSite\images\Me1960.jpg --> home.clara.net /webspace/images Me1960.jpg
101.11.03 15:34 B C:\WebSite\images\me1960small.jpg --> home.clara.net /webspace/images me1960small.jpg
101.11.03 15:34 B C:\WebSite\images\Me1966.jpg --> home.clara.net /webspace/images Me1966.jpg
101.11.03 15:35 B C:\WebSite\images\Me1983.jpg --> home.clara.net /webspace/images Me1983.jpg
101.11.03 15:36 B C:\WebSite\images\Me2001.jpg --> home.clara.net /webspace/images Me2001.jpg
101.11.03 15:36 B C:\WebSite\images\me2001small.jpg --> home.clara.net /webspace/images me2001small.jpg
101.11.03 15:36 B C:\WebSite\images\singapore1.jpg --> home.clara.net /webspace/images singapore1.jpg
101.11.03 15:36 B C:\WebSite\images\singapore2.jpg --> home.clara.net /webspace/images singapore2.jpg
101.11.03 15:37 B C:\WebSite\images\Singapore3.jpg --> home.clara.net /webspace/images Singapore3.jpg
101.11.03 15:37 B C:\WebSite\images\Singapore3small.jpg --> home.clara.net /webspace/images Singapore3small.jpg
101.11.03 15:37 B C:\WebSite\images\Singapore4.jpg --> home.clara.net /webspace/images Singapore4.jpg
101.11.03 15:37 B C:\WebSite\images\singaporeinvite.jpg --> home.clara.net /webspace/images singaporeinvite.jpg
101.11.03 15:37 B C:\WebSite\images\sms10.jpg --> home.clara.net /webspace/images sms10.jpg
101.11.03 15:38 B C:\WebSite\images\sms1__.jpg --> home.clara.net /webspace/images sms1__.jpg
101.11.03 15:38 B C:\WebSite\images\sms7.jpg --> home.clara.net /webspace/images sms7.jpg
101.11.03 15:38 B C:\WebSite\images\sms7small.jpg --> home.clara.net /webspace/images sms7small.jpg
101.11.03 15:38 B C:\WebSite\images\straittimes.jpg --> home.clara.net /webspace/images straittimes.jpg
101.11.03 15:40 B C:\WebSite\images\Me1954.jpg --> home.clara.net /webspace/images Me1954.jpg
101.11.03 15:40 B C:\WebSite\images\Me1960.jpg --> home.clara.net /webspace/images Me1960.jpg
101.11.03 15:41 B C:\WebSite\images\Me1966.jpg --> home.clara.net /webspace/images Me1966.jpg
101.11.03 15:41 B C:\WebSite\images\Me1983.jpg --> home.clara.net /webspace/images Me1983.jpg
101.11.03 15:41 B C:\WebSite\images\Me2001.jpg --> home.clara.net /webspace/images Me2001.jpg
101.11.03 16:01 B C:\WebSite\images\singaporeinvite.jpg --> home.clara.net /webspace/images singaporeinvite.jpg
101.11.12 11:32 B C:\WebSite\images\10000kisses.jpg --> www.paulfriedlander.com /public/www/images 10000kisses.jpg
101.11.12 11:32 B C:\WebSite\images\12.jpg --> www.paulfriedlander.com /public/www/images 12.jpg
101.11.12 11:33 B C:\WebSite\images\a1000kisses.jpg --> www.paulfriedlander.com /public/www/images a1000kisses.jpg
101.11.12 11:33 B C:\WebSite\images\Actuel.jpg --> www.paulfriedlander.com /public/www/images Actuel.jpg
101.11.12 11:33 B C:\WebSite\images\Actuel2.jpg --> www.paulfriedlander.com /public/www/images Actuel2.jpg
101.11.12 11:33 B C:\WebSite\images\artledsign.gif --> www.paulfriedlander.com /public/www/images artledsign.gif
101.11.12 11:34 B C:\WebSite\images\asuperstring.jpg --> www.paulfriedlander.com /public/www/images asuperstring.jpg
101.11.12 11:34 B C:\WebSite\images\backgbtn.jpg --> www.paulfriedlander.com /public/www/images backgbtn.jpg
101.11.12 11:34 B C:\WebSite\images\background.jpg --> www.paulfriedlander.com /public/www/images background.jpg
101.11.12 11:34 B C:\WebSite\images\barcelona.jpg --> www.paulfriedlander.com /public/www/images barcelona.jpg
101.11.12 11:34 B C:\WebSite\images\Barcelona3.jpg --> www.paulfriedlander.com /public/www/images Barcelona3.jpg
101.11.12 11:35 B C:\WebSite\images\Barcelona4.jpg --> www.paulfriedlander.com /public/www/images Barcelona4.jpg
101.11.12 11:35 B C:\WebSite\images\barcelonana.jpg --> www.paulfriedlander.com /public/www/images barcelonana.jpg
101.11.12 11:35 B C:\WebSite\images\barcelonanasmall.jpg --> www.paulfriedlander.com /public/www/images barcelonanasmall.jpg
101.11.12 11:35 B C:\WebSite\images\barcelonasmall.jpg --> www.paulfriedlander.com /public/www/images barcelonasmall.jpg
101.11.12 11:36 B C:\WebSite\images\bigcoolsample.gif --> www.paulfriedlander.com /public/www/images bigcoolsample.gif
101.11.12 11:36 B C:\WebSite\images\bigeye.jpg --> www.paulfriedlander.com /public/www/images bigeye.jpg
101.11.12 11:36 B C:\WebSite\images\bigintro.gif --> www.paulfriedlander.com /public/www/images bigintro.gif
101.11.12 11:37 B C:\WebSite\images\bigintro2.gif --> www.paulfriedlander.com /public/www/images bigintro2.gif
101.11.12 11:37 B C:\WebSite\images\bigintro2old.gif --> www.paulfriedlander.com /public/www/images bigintro2old.gif
101.11.12 11:37 B C:\WebSite\images\blinkicons.gif --> www.paulfriedlander.com /public/www/images blinkicons.gif
101.11.12 11:37 B C:\WebSite\images\bluechip.gif --> www.paulfriedlander.com /public/www/images bluechip.gif
101.11.12 11:37 B C:\WebSite\images\bluechiple.jpg --> www.paulfriedlander.com /public/www/images bluechiple.jpg
101.11.12 11:37 B C:\WebSite\images\bluechiplg.jpg --> www.paulfriedlander.com /public/www/images bluechiplg.jpg
101.11.12 11:38 B C:\WebSite\images\bt.gif --> www.paulfriedlander.com /public/www/images bt.gif
101.11.12 11:38 B C:\WebSite\images\bt.jpg --> www.paulfriedlander.com /public/www/images bt.jpg
101.11.12 11:39 B C:\WebSite\images\chinesearticle.jpg --> www.paulfriedlander.com /public/www/images chinesearticle.jpg
101.11.12 11:40 B C:\WebSite\images\chinesepaper.jpg --> www.paulfriedlander.com /public/www/images chinesepaper.jpg
101.11.12 11:40 B C:\WebSite\images\clef.gif --> www.paulfriedlander.com /public/www/images clef.gif
101.11.12 11:40 B C:\WebSite\images\close8.gif --> www.paulfriedlander.com /public/www/images close8.gif
101.11.12 11:40 B C:\WebSite\images\closebtn.jpg --> www.paulfriedlander.com /public/www/images closebtn.jpg
101.11.12 11:41 B C:\WebSite\images\computerarts.jpg --> www.paulfriedlander.com /public/www/images computerarts.jpg
101.11.12 11:41 B C:\WebSite\images\creteil1.jpg --> www.paulfriedlander.com /public/www/images creteil1.jpg
101.11.12 11:41 B C:\WebSite\images\creteil2.jpg --> www.paulfriedlander.com /public/www/images creteil2.jpg
101.11.12 11:42 B C:\WebSite\images\creteil3.jpg --> www.paulfriedlander.com /public/www/images creteil3.jpg
101.11.12 11:42 B C:\WebSite\images\creteil4.jpg --> www.paulfriedlander.com /public/www/images creteil4.jpg
101.11.12 11:42 B C:\WebSite\images\dark.jpg --> www.paulfriedlander.com /public/www/images dark.jpg
101.11.12 11:43 B C:\WebSite\images\dark0.jpg --> www.paulfriedlander.com /public/www/images dark0.jpg
101.11.12 11:43 B C:\WebSite\images\dark00.jpg --> www.paulfriedlander.com /public/www/images dark00.jpg
101.11.12 11:43 B C:\WebSite\images\dark01.jpg --> www.paulfriedlander.com /public/www/images dark01.jpg
101.11.12 11:43 B C:\WebSite\images\dark02.jpg --> www.paulfriedlander.com /public/www/images dark02.jpg
101.11.12 11:43 B C:\WebSite\images\dark03.jpg --> www.paulfriedlander.com /public/www/images dark03.jpg
101.11.12 11:44 B C:\WebSite\images\dark04.jpg --> www.paulfriedlander.com /public/www/images dark04.jpg
101.11.12 11:44 B C:\WebSite\images\diagram.gif --> www.paulfriedlander.com /public/www/images diagram.gif
101.11.12 11:44 B C:\WebSite\images\dropwave.gif --> www.paulfriedlander.com /public/www/images dropwave.gif
101.11.12 11:44 B C:\WebSite\images\EarthSignals.jpg --> www.paulfriedlander.com /public/www/images EarthSignals.jpg
101.11.12 11:44 B C:\WebSite\images\eyes.gif --> www.paulfriedlander.com /public/www/images eyes.gif
101.11.12 11:45 B C:\WebSite\images\filmstrip.gif --> www.paulfriedlander.com /public/www/images filmstrip.gif
101.11.12 11:45 B C:\WebSite\images\fmfposter.jpg --> www.paulfriedlander.com /public/www/images fmfposter.jpg
101.11.12 11:45 B C:\WebSite\images\g2.gif --> www.paulfriedlander.com /public/www/images g2.gif
101.11.12 11:45 B C:\WebSite\images\gallerybtn.jpg --> www.paulfriedlander.com /public/www/images gallerybtn.jpg
101.11.12 11:46 B C:\WebSite\images\galleryref.gif --> www.paulfriedlander.com /public/www/images galleryref.gif
101.11.12 11:46 B C:\WebSite\images\galleryref2.gif --> www.paulfriedlander.com /public/www/images galleryref2.gif
101.11.12 11:46 B C:\WebSite\images\gigabtn.jpg --> www.paulfriedlander.com /public/www/images gigabtn.jpg
101.11.12 11:46 B C:\WebSite\images\guardian.gif --> www.paulfriedlander.com /public/www/images guardian.gif
101.11.12 11:46 B C:\WebSite\images\hello.gif --> www.paulfriedlander.com /public/www/images hello.gif
101.11.12 11:46 B C:\WebSite\images\helloworld.gif --> www.paulfriedlander.com /public/www/images helloworld.gif
101.11.12 11:47 B C:\WebSite\images\hereyes.jpg --> www.paulfriedlander.com /public/www/images hereyes.jpg
101.11.12 11:47 B C:\WebSite\images\heryes.jpg --> www.paulfriedlander.com /public/www/images heryes.jpg
101.11.12 11:48 B C:\WebSite\images\hiseyes.jpg --> www.paulfriedlander.com /public/www/images hiseyes.jpg
101.11.12 11:48 B C:\WebSite\images\horizline.gif --> www.paulfriedlander.com /public/www/images horizline.gif
101.11.12 11:48 B C:\WebSite\images\Image1.jpg --> www.paulfriedlander.com /public/www/images Image1.jpg
101.11.12 11:48 B C:\WebSite\images\image10.gif --> www.paulfriedlander.com /public/www/images image10.gif
101.11.12 11:48 B C:\WebSite\images\image11.gif --> www.paulfriedlander.com /public/www/images image11.gif
101.11.12 11:48 B C:\WebSite\images\image12.gif --> www.paulfriedlander.com /public/www/images image12.gif
101.11.12 11:48 B C:\WebSite\images\image13.gif --> www.paulfriedlander.com /public/www/images image13.gif
101.11.12 11:48 B C:\WebSite\images\image14.gif --> www.paulfriedlander.com /public/www/images image14.gif
101.11.12 11:48 B C:\WebSite\images\image16.gif --> www.paulfriedlander.com /public/www/images image16.gif
101.11.12 11:48 B C:\WebSite\images\image17.gif --> www.paulfriedlander.com /public/www/images image17.gif
101.11.12 11:48 B C:\WebSite\images\image2.gif --> www.paulfriedlander.com /public/www/images image2.gif
101.11.12 11:48 B C:\WebSite\images\Image2.jpg --> www.paulfriedlander.com /public/www/images Image2.jpg
101.11.12 11:49 B C:\WebSite\images\image4.gif --> www.paulfriedlander.com /public/www/images image4.gif
101.11.12 11:49 B C:\WebSite\images\image5.gif --> www.paulfriedlander.com /public/www/images image5.gif
101.11.12 11:49 B C:\WebSite\images\image6.gif --> www.paulfriedlander.com /public/www/images image6.gif
101.11.12 11:49 B C:\WebSite\images\image7.gif --> www.paulfriedlander.com /public/www/images image7.gif
101.11.12 11:49 B C:\WebSite\images\image8.gif --> www.paulfriedlander.com /public/www/images image8.gif
101.11.12 11:49 B C:\WebSite\images\Image9.gif --> www.paulfriedlander.com /public/www/images Image9.gif
101.11.12 11:49 B C:\WebSite\images\image_.gif --> www.paulfriedlander.com /public/www/images image_.gif
101.11.12 11:49 B C:\WebSite\images\image_1.gif --> www.paulfriedlander.com /public/www/images image_1.gif
101.11.12 11:49 B C:\WebSite\images\image_11.gif --> www.paulfriedlander.com /public/www/images image_11.gif
101.11.12 11:49 B C:\WebSite\images\image_13.gif --> www.paulfriedlander.com /public/www/images image_13.gif
101.11.12 11:49 B C:\WebSite\images\image_15.gif --> www.paulfriedlander.com /public/www/images image_15.gif
101.11.12 11:49 B C:\WebSite\images\image_2.gif --> www.paulfriedlander.com /public/www/images image_2.gif
101.11.12 11:49 B C:\WebSite\images\image_20.gif --> www.paulfriedlander.com /public/www/images image_20.gif
101.11.12 11:49 B C:\WebSite\images\image_21.gif --> www.paulfriedlander.com /public/www/images image_21.gif
101.11.12 11:49 B C:\WebSite\images\image_25.gif --> www.paulfriedlander.com /public/www/images image_25.gif
101.11.12 11:49 B C:\WebSite\images\image_27.gif --> www.paulfriedlander.com /public/www/images image_27.gif
101.11.12 11:49 B C:\WebSite\images\image_29.gif --> www.paulfriedlander.com /public/www/images image_29.gif
101.11.12 11:49 B C:\WebSite\images\image_3.gif --> www.paulfriedlander.com /public/www/images image_3.gif
101.11.12 11:49 B C:\WebSite\images\image_30.gif --> www.paulfriedlander.com /public/www/images image_30.gif
101.11.12 11:49 B C:\WebSite\images\image_31.gif --> www.paulfriedlander.com /public/www/images image_31.gif
101.11.12 11:49 B C:\WebSite\images\image_32.gif --> www.paulfriedlander.com /public/www/images image_32.gif
101.11.12 11:49 B C:\WebSite\images\Image_33.gif --> www.paulfriedlander.com /public/www/images Image_33.gif
101.11.12 11:49 B C:\WebSite\images\image_4.gif --> www.paulfriedlander.com /public/www/images image_4.gif
101.11.12 11:49 B C:\WebSite\images\image_8.gif --> www.paulfriedlander.com /public/www/images image_8.gif
101.11.12 11:49 B C:\WebSite\images\index.html --> www.paulfriedlander.com /public/www/images index.html
101.11.12 11:50 B C:\WebSite\images\jagzipart.gif --> www.paulfriedlander.com /public/www/images jagzipart.gif
101.11.12 11:50 B C:\WebSite\images\javazipbtn.jpg --> www.paulfriedlander.com /public/www/images javazipbtn.jpg
101.11.12 11:50 B C:\WebSite\images\lands.gif --> www.paulfriedlander.com /public/www/images lands.gif
101.11.12 11:50 B C:\WebSite\images\lednowords.gif --> www.paulfriedlander.com /public/www/images lednowords.gif
101.11.12 11:50 B C:\WebSite\images\lednowords2.gif --> www.paulfriedlander.com /public/www/images lednowords2.gif
101.11.12 11:50 B C:\WebSite\images\lednowords2alt.gif --> www.paulfriedlander.com /public/www/images lednowords2alt.gif
101.11.12 11:50 B C:\WebSite\images\lednowordsalt.gif --> www.paulfriedlander.com /public/www/images lednowordsalt.gif
101.11.12 11:51 B C:\WebSite\images\ligthwavedetail.jpg --> www.paulfriedlander.com /public/www/images ligthwavedetail.jpg
101.11.12 11:51 B C:\WebSite\images\ligthwavedetail2.jpg --> www.paulfriedlander.com /public/www/images ligthwavedetail2.jpg
101.11.12 11:51 B C:\WebSite\images\littlefrance.jpg --> www.paulfriedlander.com /public/www/images littlefrance.jpg
101.11.12 11:51 B C:\WebSite\images\littlegirl.jpg --> www.paulfriedlander.com /public/www/images littlegirl.jpg
101.11.12 11:52 B C:\WebSite\images\littlegirlbackup.jpg --> www.paulfriedlander.com /public/www/images littlegirlbackup.jpg
101.11.12 11:52 B C:\WebSite\images\littlegirllo.jpg --> www.paulfriedlander.com /public/www/images littlegirllo.jpg
101.11.12 11:52 B C:\WebSite\images\ltrhead.jpg --> www.paulfriedlander.com /public/www/images ltrhead.jpg
101.11.12 11:53 B C:\WebSite\images\m4.jpg --> www.paulfriedlander.com /public/www/images m4.jpg
101.11.12 11:53 B C:\WebSite\images\magicani.gif --> www.paulfriedlander.com /public/www/images magicani.gif
101.11.12 11:54 B C:\WebSite\images\maubeuge1.jpg --> www.paulfriedlander.com /public/www/images maubeuge1.jpg
101.11.12 11:54 B C:\WebSite\images\maubeuge2.jpg --> www.paulfriedlander.com /public/www/images maubeuge2.jpg
101.11.12 11:55 B C:\WebSite\images\maubeuge21.jpg --> www.paulfriedlander.com /public/www/images maubeuge21.jpg
101.11.12 11:55 B C:\WebSite\images\Me1954.jpg --> www.paulfriedlander.com /public/www/images Me1954.jpg
101.11.12 11:55 B C:\WebSite\images\Me1960.jpg --> www.paulfriedlander.com /public/www/images Me1960.jpg
101.11.12 11:55 B C:\WebSite\images\me1960small.jpg --> www.paulfriedlander.com /public/www/images me1960small.jpg
101.11.12 11:55 B C:\WebSite\images\Me1966.jpg --> www.paulfriedlander.com /public/www/images Me1966.jpg
101.11.12 11:56 B C:\WebSite\images\Me1983.jpg --> www.paulfriedlander.com /public/www/images Me1983.jpg
101.11.12 11:56 B C:\WebSite\images\Me2001.jpg --> www.paulfriedlander.com /public/www/images Me2001.jpg
101.11.12 11:56 B C:\WebSite\images\me2001small.jpg --> www.paulfriedlander.com /public/www/images me2001small.jpg
101.11.12 11:56 B C:\WebSite\images\menu0a.jpg --> www.paulfriedlander.com /public/www/images menu0a.jpg
101.11.12 11:56 B C:\WebSite\images\menu1.gif --> www.paulfriedlander.com /public/www/images menu1.gif
101.11.12 11:56 B C:\WebSite\images\menu10a.jpg --> www.paulfriedlander.com /public/www/images menu10a.jpg
101.11.12 11:56 B C:\WebSite\images\menu1a.jpg --> www.paulfriedlander.com /public/www/images menu1a.jpg
101.11.12 11:56 B C:\WebSite\images\menu2.gif --> www.paulfriedlander.com /public/www/images menu2.gif
101.11.12 11:56 B C:\WebSite\images\menu2a.jpg --> www.paulfriedlander.com /public/www/images menu2a.jpg
101.11.12 11:56 B C:\WebSite\images\menu3.gif --> www.paulfriedlander.com /public/www/images menu3.gif
101.11.12 11:56 B C:\WebSite\images\menu3a.jpg --> www.paulfriedlander.com /public/www/images menu3a.jpg
101.11.12 11:56 B C:\WebSite\images\menu4.gif --> www.paulfriedlander.com /public/www/images menu4.gif
101.11.12 11:56 B C:\WebSite\images\menu4a.jpg --> www.paulfriedlander.com /public/www/images menu4a.jpg
101.11.12 11:56 B C:\WebSite\images\menu5a.jpg --> www.paulfriedlander.com /public/www/images menu5a.jpg
101.11.12 11:56 B C:\WebSite\images\menu6a.jpg --> www.paulfriedlander.com /public/www/images menu6a.jpg
101.11.12 11:56 B C:\WebSite\images\menu7a.jpg --> www.paulfriedlander.com /public/www/images menu7a.jpg
101.11.12 11:57 B C:\WebSite\images\menu8a.jpg --> www.paulfriedlander.com /public/www/images menu8a.jpg
101.11.12 11:57 B C:\WebSite\images\message.gif --> www.paulfriedlander.com /public/www/images message.gif
101.11.12 11:57 B C:\WebSite\images\message1.gif --> www.paulfriedlander.com /public/www/images message1.gif
101.11.12 11:57 B C:\WebSite\images\message2.gif --> www.paulfriedlander.com /public/www/images message2.gif
101.11.12 11:58 B C:\WebSite\images\messagealt.gif --> www.paulfriedlander.com /public/www/images messagealt.gif
101.11.12 11:58 B C:\WebSite\images\messagealttiny.gif --> www.paulfriedlander.com /public/www/images messagealttiny.gif
101.11.12 11:58 B C:\WebSite\images\messagebtn.gif --> www.paulfriedlander.com /public/www/images messagebtn.gif
101.11.12 11:58 B C:\WebSite\images\metromanchester.jpg --> www.paulfriedlander.com /public/www/images metromanchester.jpg
101.11.12 11:58 B C:\WebSite\images\myname6.gif --> www.paulfriedlander.com /public/www/images myname6.gif
101.11.12 11:58 B C:\WebSite\images\mystudio.jpg --> www.paulfriedlander.com /public/www/images mystudio.jpg
101.11.12 11:59 B C:\WebSite\images\nambu.jpg --> www.paulfriedlander.com /public/www/images nambu.jpg
101.11.12 11:59 B C:\WebSite\images\nambu2.jpg --> www.paulfriedlander.com /public/www/images nambu2.jpg
101.11.12 11:59 B C:\WebSite\images\nambu_.jpg --> www.paulfriedlander.com /public/www/images nambu_.jpg
101.11.12 11:59 B C:\WebSite\images\nambuscreen.gif --> www.paulfriedlander.com /public/www/images nambuscreen.gif
101.11.12 11:59 B C:\WebSite\images\nambusmall.jpg --> www.paulfriedlander.com /public/www/images nambusmall.jpg
101.11.12 12:00 B C:\WebSite\images\nambutrue.jpg --> www.paulfriedlander.com /public/www/images nambutrue.jpg
101.11.12 12:00 B C:\WebSite\images\newzipart3.gif --> www.paulfriedlander.com /public/www/images newzipart3.gif
101.11.12 12:00 B C:\WebSite\images\newzipart4.gif --> www.paulfriedlander.com /public/www/images newzipart4.gif
101.11.12 12:00 B C:\WebSite\images\noledbtn.gif --> www.paulfriedlander.com /public/www/images noledbtn.gif
101.11.12 12:00 B C:\WebSite\images\nutopia.jpg --> www.paulfriedlander.com /public/www/images nutopia.jpg
101.11.12 12:00 B C:\WebSite\images\nutopia2.jpg --> www.paulfriedlander.com /public/www/images nutopia2.jpg
101.11.12 12:01 B C:\WebSite\images\nutopia3.jpg --> www.paulfriedlander.com /public/www/images nutopia3.jpg
101.11.12 12:01 B C:\WebSite\images\nutopiabandw.jpg --> www.paulfriedlander.com /public/www/images nutopiabandw.jpg
101.11.12 12:01 B C:\WebSite\images\NY98.jpg --> www.paulfriedlander.com /public/www/images NY98.jpg
101.11.12 12:01 B C:\WebSite\images\nyblue.jpg --> www.paulfriedlander.com /public/www/images nyblue.jpg
101.11.12 12:01 B C:\WebSite\images\nyplan.gif --> www.paulfriedlander.com /public/www/images nyplan.gif
101.11.12 12:01 B C:\WebSite\images\offbtn.gif --> www.paulfriedlander.com /public/www/images offbtn.gif
101.11.12 12:01 B C:\WebSite\images\offbtn.jpg --> www.paulfriedlander.com /public/www/images offbtn.jpg
101.11.12 12:01 B C:\WebSite\images\onbtn.gif --> www.paulfriedlander.com /public/www/images onbtn.gif
101.11.12 12:01 B C:\WebSite\images\onbtn.jpg --> www.paulfriedlander.com /public/www/images onbtn.jpg
101.11.12 12:01 B C:\WebSite\images\onbtn_.jpg --> www.paulfriedlander.com /public/www/images onbtn_.jpg
101.11.12 12:02 B C:\WebSite\images\opticfire.jpg --> www.paulfriedlander.com /public/www/images opticfire.jpg
101.11.12 12:02 B C:\WebSite\images\orches01.jpg --> www.paulfriedlander.com /public/www/images orches01.jpg
101.11.12 12:02 B C:\WebSite\images\orches02.jpg --> www.paulfriedlander.com /public/www/images orches02.jpg
101.11.12 12:02 B C:\WebSite\images\orchestra.jpg --> www.paulfriedlander.com /public/www/images orchestra.jpg
101.11.12 12:02 B C:\WebSite\images\orchestral.gif --> www.paulfriedlander.com /public/www/images orchestral.gif
101.11.12 12:03 B C:\WebSite\images\pianosmall.jpg --> www.paulfriedlander.com /public/www/images pianosmall.jpg
101.11.12 12:03 B C:\WebSite\images\pixel.jpg --> www.paulfriedlander.com /public/www/images pixel.jpg
101.11.12 12:03 B C:\WebSite\images\planet.jpg --> www.paulfriedlander.com /public/www/images planet.jpg
101.11.12 12:03 B C:\WebSite\images\planetbtn.gif --> www.paulfriedlander.com /public/www/images planetbtn.gif
101.11.12 12:03 B C:\WebSite\images\planetbtn.jpg --> www.paulfriedlander.com /public/www/images planetbtn.jpg
101.11.12 12:03 B C:\WebSite\images\planetbtngrey.jpg --> www.paulfriedlander.com /public/www/images planetbtngrey.jpg
101.11.12 12:03 B C:\WebSite\images\postcard.jpg --> www.paulfriedlander.com /public/www/images postcard.jpg
101.11.12 12:03 B C:\WebSite\images\rendered1.jpg --> www.paulfriedlander.com /public/www/images rendered1.jpg
101.11.12 12:03 B C:\WebSite\images\ropedrive.gif --> www.paulfriedlander.com /public/www/images ropedrive.gif
101.11.12 12:03 B C:\WebSite\images\sample4.jpg --> www.paulfriedlander.com /public/www/images sample4.jpg
101.11.12 12:03 B C:\WebSite\images\sample4withtabs.jpg --> www.paulfriedlander.com /public/www/images sample4withtabs.jpg
101.11.12 12:04 B C:\WebSite\images\self.jpg --> www.paulfriedlander.com /public/www/images self.jpg
101.11.12 12:04 B C:\WebSite\images\singapore1.jpg --> www.paulfriedlander.com /public/www/images singapore1.jpg
101.11.12 12:04 B C:\WebSite\images\singapore2.jpg --> www.paulfriedlander.com /public/www/images singapore2.jpg
101.11.12 12:04 B C:\WebSite\images\Singapore3.jpg --> www.paulfriedlander.com /public/www/images Singapore3.jpg
101.11.12 12:04 B C:\WebSite\images\Singapore3small.jpg --> www.paulfriedlander.com /public/www/images Singapore3small.jpg
101.11.12 12:05 B C:\WebSite\images\Singapore4.jpg --> www.paulfriedlander.com /public/www/images Singapore4.jpg
101.11.12 12:05 B C:\WebSite\images\singaporeinvite.jpg --> www.paulfriedlander.com /public/www/images singaporeinvite.jpg
101.11.12 12:05 B C:\WebSite\images\skywords.gif --> www.paulfriedlander.com /public/www/images skywords.gif
101.11.12 12:05 B C:\WebSite\images\sms10.jpg --> www.paulfriedlander.com /public/www/images sms10.jpg
101.11.12 12:06 B C:\WebSite\images\sms1__.jpg --> www.paulfriedlander.com /public/www/images sms1__.jpg
101.11.12 12:06 B C:\WebSite\images\sms7.jpg --> www.paulfriedlander.com /public/www/images sms7.jpg
101.11.12 12:06 B C:\WebSite\images\sms7small.jpg --> www.paulfriedlander.com /public/www/images sms7small.jpg
101.11.12 12:06 B C:\WebSite\images\spin_on.jpg --> www.paulfriedlander.com /public/www/images spin_on.jpg
101.11.12 12:06 B C:\WebSite\images\spinme.jpg --> www.paulfriedlander.com /public/www/images spinme.jpg
101.11.12 12:10 B C:\WebSite\images\spinoff.jpg --> www.paulfriedlander.com /public/www/images spinoff.jpg
101.11.12 12:11 B C:\WebSite\images\straittimes.jpg --> www.paulfriedlander.com /public/www/images straittimes.jpg
101.11.12 12:13 B C:\WebSite\images\stringaltbtn.jpg --> www.paulfriedlander.com /public/www/images stringaltbtn.jpg
101.11.12 12:13 B C:\WebSite\images\stringbtn.jpg --> www.paulfriedlander.com /public/www/images stringbtn.jpg
101.11.12 12:13 B C:\WebSite\images\studio.gif --> www.paulfriedlander.com /public/www/images studio.gif
101.11.12 12:13 B C:\WebSite\images\studio.jpg --> www.paulfriedlander.com /public/www/images studio.jpg
101.11.12 12:14 B C:\WebSite\images\studiobtn.jpg --> www.paulfriedlander.com /public/www/images studiobtn.jpg
101.11.12 12:14 B C:\WebSite\images\superstring.jpg --> www.paulfriedlander.com /public/www/images superstring.jpg
101.11.12 12:14 B C:\WebSite\images\superstringsmall.jpg --> www.paulfriedlander.com /public/www/images superstringsmall.jpg
101.11.12 12:14 B C:\WebSite\images\swiss.jpg --> www.paulfriedlander.com /public/www/images swiss.jpg
101.11.12 12:14 B C:\WebSite\images\swiss2.jpg --> www.paulfriedlander.com /public/www/images swiss2.jpg
101.11.12 12:14 B C:\WebSite\images\tabsnlogo.jpg --> www.paulfriedlander.com /public/www/images tabsnlogo.jpg
101.11.12 12:14 B C:\WebSite\images\tag.gif --> www.paulfriedlander.com /public/www/images tag.gif
101.11.12 12:15 B C:\WebSite\images\technoramasmall.jpg --> www.paulfriedlander.com /public/www/images technoramasmall.jpg
101.11.12 12:15 B C:\WebSite\images\thinbluline.jpg --> www.paulfriedlander.com /public/www/images thinbluline.jpg
101.11.12 12:15 B C:\WebSite\images\timeout.gif --> www.paulfriedlander.com /public/www/images timeout.gif
101.11.12 12:15 B C:\WebSite\images\timeout_02.jpg --> www.paulfriedlander.com /public/www/images timeout_02.jpg
101.11.12 12:15 B C:\WebSite\images\transparent.gif --> www.paulfriedlander.com /public/www/images transparent.gif
101.11.12 12:16 B C:\WebSite\images\upright.jpg --> www.paulfriedlander.com /public/www/images upright.jpg
101.11.12 12:16 B C:\WebSite\images\uprightdiagram.gif --> www.paulfriedlander.com /public/www/images uprightdiagram.gif
101.11.12 12:16 B C:\WebSite\images\villagevoice.gif --> www.paulfriedlander.com /public/www/images villagevoice.gif
101.11.12 12:16 B C:\WebSite\images\villagevoice.jpg --> www.paulfriedlander.com /public/www/images villagevoice.jpg
101.11.12 12:17 B C:\WebSite\images\voicepic.jpg --> www.paulfriedlander.com /public/www/images voicepic.jpg
101.11.12 12:17 B C:\WebSite\images\walsallgallery.jpg --> www.paulfriedlander.com /public/www/images walsallgallery.jpg
101.11.12 12:18 B C:\WebSite\images\wavefactory1.jpg --> www.paulfriedlander.com /public/www/images wavefactory1.jpg
101.11.12 12:19 B C:\WebSite\images\wavefactory1small.jpg --> www.paulfriedlander.com /public/www/images wavefactory1small.jpg
101.11.12 12:19 B C:\WebSite\images\wavefactory2.jpg --> www.paulfriedlander.com /public/www/images wavefactory2.jpg
101.11.12 12:19 B C:\WebSite\images\wavefactory5.jpg --> www.paulfriedlander.com /public/www/images wavefactory5.jpg
101.11.12 12:20 B C:\WebSite\images\weave.gif --> www.paulfriedlander.com /public/www/images weave.gif
101.11.12 12:20 B C:\WebSite\images\wineglass.jpg --> www.paulfriedlander.com /public/www/images wineglass.jpg
101.11.12 12:20 B C:\WebSite\images\WS_FTP.LOG --> www.paulfriedlander.com /public/www/images WS_FTP.LOG
101.11.12 12:21 B C:\WebSite\images\zipanimation.gif --> www.paulfriedlander.com /public/www/images zipanimation.gif
101.11.12 12:21 B C:\WebSite\images\Zipart.gif --> www.paulfriedlander.com /public/www/images Zipart.gif
101.11.12 12:21 B C:\WebSite\images\zipbtn.jpg --> www.paulfriedlander.com /public/www/images zipbtn.jpg
102.03.31 15:26 B C:\WebSite\images\DarkMatteratTheDrome2.jpg --> www.paulfriedlander.com /public/www/images DarkMatteratTheDrome2.jpg
102.03.31 19:26 B C:\WebSite\images\DarkMatteratTheDrome2.jpg --> www.paulfriedlander.com /public/www/images DarkMatteratTheDrome2.jpg
102.03.31 19:26 B C:\WebSite\images\drome2small.jpg --> www.paulfriedlander.com /public/www/images drome2small.jpg
102.03.31 19:27 B C:\WebSite\images\DarkMatteratTheDrome2.jpg --> www.paulfriedlander.com /public/www/images DarkMatteratTheDrome2.jpg
102.03.31 19:37 B C:\WebSite\images\DarkMatteratTheDrome2.jpg --> www.paulfriedlander.com /public/www/images DarkMatteratTheDrome2.jpg
102.04.26 21:20 B C:\WebSite\images\manjumpimg.jpg --> www.paulfriedlander.com /public/www/images manjumpimg.jpg
102.04.26 21:20 B C:\WebSite\images\orchestra.jpg --> www.paulfriedlander.com /public/www/images orchestra.jpg
102.04.26 21:20 B C:\WebSite\images\pianosmall.jpg --> www.paulfriedlander.com /public/www/images pianosmall.jpg
102.04.26 21:29 B C:\WebSite\images\spinme.jpg --> www.paulfriedlander.com /public/www/images spinme.jpg
102.07.01 18:47 B C:\WebSite\images\atsushi.jpg --> www.paulfriedlander.com /public/www/images atsushi.jpg
102.07.01 18:47 B C:\WebSite\images\atsushi_small.jpg --> www.paulfriedlander.com /public/www/images atsushi_small.jpg
102.07.01 18:47 B C:\WebSite\images\berlin.jpg --> www.paulfriedlander.com /public/www/images berlin.jpg
102.07.01 18:47 B C:\WebSite\images\biglight_.jpg --> www.paulfriedlander.com /public/www/images biglight_.jpg
102.07.01 18:47 B C:\WebSite\images\biglightinstudio.jpg --> www.paulfriedlander.com /public/www/images biglightinstudio.jpg
102.07.01 22:00 B C:\WebSite\images\atsushi_small.jpg --> www.paulfriedlander.com /public/www/images atsushi_small.jpg
102.12.06 18:41 B C:\Documents and Settings\Paul Friedlander\My Documents\website\images\atsushi_small.jpg --> www.paulfriedlander.com /public/www/images atsushi_small.jpg
102.12.06 18:41 B C:\Documents and Settings\Paul Friedlander\My Documents\website\images\berlin.jpg --> www.paulfriedlander.com /public/www/images berlin.jpg
102.12.06 18:42 B C:\Documents and Settings\Paul Friedlander\My Documents\website\images\biglight_.jpg --> www.paulfriedlander.com /public/www/images biglight_.jpg
