97.01.09 11:12 A C:\Website\text\artbackgnd.html --> home.clara.net /text artbackgnd.html
97.01.09 11:12 A C:\Website\text\galleryguide.html --> home.clara.net /text galleryguide.html
97.01.09 11:12 A C:\Website\text\gigazone.html --> home.clara.net /text gigazone.html
97.01.09 11:12 A C:\Website\text\index.html --> home.clara.net /text index.html
97.01.09 11:12 A C:\Website\text\nozone.html --> home.clara.net /text nozone.html
97.01.09 11:12 A C:\Website\text\othersites.html --> home.clara.net /text othersites.html
97.01.09 11:12 A C:\Website\text\visualmusic.html --> home.clara.net /text visualmusic.html
97.01.09 11:12 A C:\Website\text\zippage.html --> home.clara.net /text zippage.html
97.01.09 11:12 A C:\Website\text\zippage2.html --> home.clara.net /text zippage2.html
97.01.09 12:42 B C:\WebSite\text\artbackgnd.html --> home.clara.net /text artbackgnd.html
97.01.09 12:43 B C:\WebSite\text\artbackgnd.html --> home.clara.net /text artbackgnd.html
97.01.09 12:43 B C:\WebSite\text\visualmusic.html --> home.clara.net /text visualmusic.html
97.01.09 12:55 A C:\WebSite\text\othersites.html --> home.clara.net /text othersites.html
97.01.09 16:11 B C:\WebSite\text\artbackgnd.html --> home.clara.net /text artbackgnd.html
97.01.09 16:11 B C:\WebSite\text\index.html --> home.clara.net /text index.html
97.01.09 16:11 B C:\WebSite\text\visualmusic.html --> home.clara.net /text visualmusic.html
97.01.09 16:11 B C:\WebSite\text\zippage.html --> home.clara.net /text zippage.html
97.01.09 16:11 B C:\WebSite\text\zippage2.html --> home.clara.net /text zippage2.html
97.01.10 16:39 A C:\WebSite\text\zippage.html --> home.clara.net /text zippage.html
97.01.10 16:39 A C:\WebSite\text\zippage2.html --> home.clara.net /text zippage2.html
97.01.12 14:37 B C:\WebSite\text\gigazone.html --> home.clara.net /text gigazone.html
97.01.12 14:37 B C:\WebSite\text\likewords.html --> home.clara.net /text likewords.html
97.01.12 14:37 B C:\WebSite\text\nozone.html --> home.clara.net /text nozone.html
97.01.12 14:38 A C:\WebSite\text\gigazone.html --> home.clara.net /text gigazone.html
97.01.12 14:38 A C:\WebSite\text\likewords.html --> home.clara.net /text likewords.html
97.01.12 14:38 A C:\WebSite\text\nozone.html --> home.clara.net /text nozone.html
97.01.15 18:46 B C:\WebSite\text\galleryguide.html --> home.clara.net /text galleryguide.html
97.01.15 18:46 A C:\WebSite\text\galleryguide.html --> home.clara.net /text galleryguide.html
97.01.15 18:46 B C:\WebSite\text\visualmusic.html --> home.clara.net /text visualmusic.html
97.01.15 18:47 B C:\WebSite\text\downloadkoan.html --> home.clara.net /text downloadkoan.html
97.01.15 18:47 A C:\WebSite\text\downloadkoan.html --> home.clara.net /text downloadkoan.html
97.01.15 18:47 A C:\WebSite\text\artbackgnd.html --> home.clara.net /text artbackgnd.html
97.01.15 18:47 A C:\WebSite\text\gigazone.html --> home.clara.net /text gigazone.html
97.01.15 18:47 A C:\WebSite\text\likewords.html --> home.clara.net /text likewords.html
97.01.15 18:48 A C:\WebSite\text\nozone.html --> home.clara.net /text nozone.html
97.01.15 18:48 A C:\WebSite\text\zippage.html --> home.clara.net /text zippage.html
97.01.15 18:48 A C:\WebSite\text\zippage2.html --> home.clara.net /text zippage2.html
97.01.15 19:28 A C:\WebSite\text\artbackgnd.html --> home.clara.net /text artbackgnd.html
97.01.15 19:28 A C:\WebSite\text\galleryguide.html --> home.clara.net /text galleryguide.html
97.01.15 19:28 A C:\WebSite\text\gigazone.html --> home.clara.net /text gigazone.html
97.01.15 19:28 A C:\WebSite\text\likewords.html --> home.clara.net /text likewords.html
97.01.15 19:28 A C:\WebSite\text\nozone.html --> home.clara.net /text nozone.html
97.01.15 19:28 A C:\WebSite\text\visualmusic.html --> home.clara.net /text visualmusic.html
97.01.15 19:28 A C:\WebSite\text\zippage.html --> home.clara.net /text zippage.html
97.01.15 19:28 A C:\WebSite\text\zippage2.html --> home.clara.net /text zippage2.html
97.01.16 11:33 A C:\WebSite\text\zippage.html --> home.clara.net /text zippage.html
97.01.16 11:33 A C:\WebSite\text\zippage2.html --> home.clara.net /text zippage2.html
97.01.16 14:11 A C:\WebSite\text\zippage.html --> home.clara.net /text zippage.html
97.01.16 14:11 A C:\WebSite\text\zippage2.html --> home.clara.net /text zippage2.html
97.01.16 20:38 A C:\WebSite\text\artbackgnd.html --> home.clara.net /text artbackgnd.html
97.01.16 20:38 A C:\WebSite\text\galleryguide.html --> home.clara.net /text galleryguide.html
97.01.16 20:39 A C:\WebSite\text\gigazone.html --> home.clara.net /text gigazone.html
97.01.16 20:39 A C:\WebSite\text\likewords.html --> home.clara.net /text likewords.html
97.01.16 20:39 A C:\WebSite\text\nozone.html --> home.clara.net /text nozone.html
97.01.16 20:39 A C:\WebSite\text\visualmusic.html --> home.clara.net /text visualmusic.html
97.01.16 20:39 A C:\WebSite\text\zippage.html --> home.clara.net /text zippage.html
97.01.16 20:39 A C:\WebSite\text\zippage2.html --> home.clara.net /text zippage2.html
97.01.16 20:47 A C:\WebSite\text\zippage.html --> home.clara.net /sounds zippage.html
97.01.16 20:47 A C:\WebSite\text\zippage2.html --> home.clara.net /sounds zippage2.html
97.01.16 21:00 A C:\WebSite\text\zippage.html --> home.clara.net / zippage.html
97.01.16 21:00 A C:\WebSite\text\zippage2.html --> home.clara.net / zippage2.html
97.01.16 21:31 A C:\WebSite\text\zippage.html --> home.clara.net /text zippage.html
97.01.16 21:31 A C:\WebSite\text\zippage2.html --> home.clara.net /text zippage2.html
97.01.16 21:37 A C:\WebSite\text\downloadkoan.html --> home.clara.net /text downloadkoan.html
97.01.16 21:43 B C:\WebSite\text\downloadkoan.html --> home.clara.net /text downloadkoan.html
97.01.16 21:43 A C:\WebSite\text\downloadkoan.html --> home.clara.net /text downloadkoan.html
97.01.16 21:45 A C:\WebSite\text\downloadkoan.html --> home.clara.net /text downloadkoan.html
97.01.17 18:35 A C:\WebSite\text\artbackgnd.html --> home.clara.net /text artbackgnd.html
97.01.17 18:35 A C:\WebSite\text\visualmusic.html --> home.clara.net /text visualmusic.html
97.01.17 18:35 A C:\WebSite\text\zippage.html --> home.clara.net /text zippage.html
97.01.17 18:35 A C:\WebSite\text\zippage2.html --> home.clara.net /text zippage2.html
97.01.24 19:28 A C:\WebSite\text\zippage.html --> home.clara.net /text zippage.html
97.01.24 19:28 A C:\WebSite\text\zippage2.html --> home.clara.net /text zippage2.html
97.01.29 22:00 A C:\WebSite\text\fmf.html --> home.clara.net /text fmf.html
97.01.29 22:00 A C:\WebSite\text\othersites.html --> home.clara.net /text othersites.html
97.01.29 22:00 A C:\WebSite\text\simpledraw2.html --> home.clara.net /text simpledraw2.html
97.01.29 22:00 A C:\WebSite\text\zippage.html --> home.clara.net /text zippage.html
97.01.29 22:00 A C:\WebSite\text\zippage2.html --> home.clara.net /text zippage2.html
97.01.29 22:00 A C:\WebSite\text\likewords.html --> home.clara.net /text likewords.html
97.01.29 22:00 A C:\WebSite\text\nozone.html --> home.clara.net /text nozone.html
97.01.29 22:05 A C:\WebSite\text\simpledraw2.html --> home.clara.net /text simpledraw2.html
97.02.02 11:00 A C:\WebSite\text\artbackgnd.html --> home.clara.net /text artbackgnd.html
97.02.02 11:01 A C:\WebSite\text\visualmusic.html --> home.clara.net /text visualmusic.html
97.02.02 15:08 A C:\WebSite\text\animate.html --> home.clara.net /text animate.html
97.02.02 15:08 A C:\WebSite\text\artbackgnd.html --> home.clara.net /text artbackgnd.html
97.02.02 15:08 A C:\WebSite\text\intro.html --> home.clara.net /text intro.html
97.02.02 15:08 A C:\WebSite\text\mostimages.html --> home.clara.net /text mostimages.html
97.02.02 15:08 A C:\WebSite\text\simpledraw2.html --> home.clara.net /text simpledraw2.html
97.02.02 15:08 A C:\WebSite\text\visualmusic.html --> home.clara.net /text visualmusic.html
97.02.02 15:08 A C:\WebSite\text\ziplogo.html --> home.clara.net /text ziplogo.html
97.02.02 15:08 A C:\WebSite\text\zippageold.html --> home.clara.net /text zippageold.html
97.02.02 15:08 A C:\WebSite\text\zippagetext.html --> home.clara.net /text zippagetext.html
97.02.02 15:10 A C:\WebSite\text\zippage.html --> home.clara.net /text zippage.html
97.02.02 15:15 A C:\WebSite\text\animate.html --> home.clara.net /text animate.html
97.02.02 15:15 A C:\WebSite\text\intro.html --> home.clara.net /text intro.html
97.02.02 15:15 A C:\WebSite\text\javazip.html --> home.clara.net /text javazip.html
97.02.02 15:15 A C:\WebSite\text\mostimages.html --> home.clara.net /text mostimages.html
97.02.02 15:15 A C:\WebSite\text\ziplogo.html --> home.clara.net /text ziplogo.html
97.02.03 09:02 A C:\WebSite\text\altanimate.html --> home.clara.net /text altanimate.html
97.02.03 09:02 A C:\WebSite\text\artbackgnd.html --> home.clara.net /text artbackgnd.html
97.02.03 09:02 A C:\WebSite\text\fmf.html --> home.clara.net /text fmf.html
97.02.03 09:02 A C:\WebSite\text\gallery.html --> home.clara.net /text gallery.html
97.02.03 09:02 A C:\WebSite\text\galleryguide2.html --> home.clara.net /text galleryguide2.html
97.02.03 09:02 A C:\WebSite\text\galleryintro.html --> home.clara.net /text galleryintro.html
97.02.03 09:02 A C:\WebSite\text\intro.html --> home.clara.net /text intro.html
97.02.03 09:02 A C:\WebSite\text\visualmusic.html --> home.clara.net /text visualmusic.html
97.02.03 09:02 A C:\WebSite\text\ziplogo.html --> home.clara.net /text ziplogo.html
97.02.03 09:02 A C:\WebSite\text\zippagetext.html --> home.clara.net /text zippagetext.html
97.02.03 09:05 A C:\WebSite\text\links.html --> home.clara.net /text links.html
97.02.03 17:48 A C:\WebSite\text\othersites.html --> home.clara.net /text othersites.html
97.02.04 20:36 A C:\WebSite\text\artbackgnd.html --> home.clara.net /text artbackgnd.html
97.02.04 20:36 A C:\WebSite\text\fmf.html --> home.clara.net /text fmf.html
97.02.04 20:37 A C:\WebSite\text\othersites.html --> home.clara.net /text othersites.html
97.02.04 20:37 A C:\WebSite\text\simpledraw2.html --> home.clara.net /text simpledraw2.html
97.02.04 20:39 A C:\WebSite\text\othersites.html --> home.clara.net /text othersites.html
97.02.04 22:54 A C:\WebSite\text\artbackgnd.html --> home.clara.net /text artbackgnd.html
97.02.04 22:56 A C:\WebSite\text\mostimages.html --> home.clara.net /text mostimages.html
97.02.04 22:57 A C:\WebSite\text\mostimages.html --> home.clara.net /text mostimages.html
97.02.06 16:53 A C:\WebSite\text\artbackgnd.html --> home.clara.net /text artbackgnd.html
97.02.06 16:56 A C:\WebSite\text\artbackgnd.html --> home.clara.net /text artbackgnd.html
97.02.06 19:19 A C:\WebSite\text\artbackgnd.html --> home.clara.net /text artbackgnd.html
97.02.06 19:19 A C:\WebSite\text\artbackgnd1.html --> home.clara.net /text artbackgnd1.html
97.02.06 19:19 A C:\WebSite\text\artbackgnd2.html --> home.clara.net /text artbackgnd2.html
97.02.06 19:19 A C:\WebSite\text\artbackgnd3.html --> home.clara.net /text artbackgnd3.html
97.02.06 19:19 A C:\WebSite\text\artbackgndold.html --> home.clara.net /text artbackgndold.html
97.02.06 19:19 A C:\WebSite\text\zippagetext.html --> home.clara.net /text zippagetext.html
97.02.06 19:20 A C:\WebSite\text\artmusic.html --> home.clara.net /text artmusic.html
97.02.07 10:34 A C:\WebSite\text\gallery.html --> home.clara.net /text gallery.html
97.02.07 10:36 A C:\WebSite\text\gallery.html --> home.clara.net /text gallery.html
97.02.07 17:01 A C:\WebSite\text\visualmusic.html --> home.clara.net /text visualmusic.html
97.02.09 21:01 A C:\WebSite\text\zippage.html --> home.clara.net /text zippage.html
97.02.09 21:01 A C:\WebSite\text\zippage2.html --> home.clara.net /text zippage2.html
97.02.09 21:01 A C:\WebSite\text\zippageold.html --> home.clara.net /text zippageold.html
97.02.09 21:01 A C:\WebSite\text\Zippagetext.html --> home.clara.net /text Zippagetext.html
97.02.09 21:03 A C:\WebSite\text\Zippagetext.html --> home.clara.net /text Zippagetext.html
97.02.09 21:05 A C:\WebSite\text\Zippagetext.html --> home.clara.net /text Zippagetext.html
97.02.09 21:06 A C:\WebSite\text\Zippagetext.html --> home.clara.net /text Zippagetext.html
97.02.09 21:08 A C:\WebSite\text\zippagetext.html --> home.clara.net /text zippagetext.html
97.02.09 21:53 A C:\WebSite\text\artbackgnd2.html --> home.clara.net /text artbackgnd2.html
97.02.10 16:47 A C:\WebSite\text\fmf.html --> home.clara.net /text fmf.html
97.02.10 20:02 A C:\WebSite\text\artbackgnd1.html --> home.clara.net /text artbackgnd1.html
97.02.10 20:02 A C:\WebSite\text\artbackgnd2.html --> home.clara.net /text artbackgnd2.html
97.02.10 20:02 A C:\WebSite\text\visualmusic.html --> home.clara.net /text visualmusic.html
97.02.11 12:11 A C:\WebSite\text\artbackgnd3.html --> home.clara.net /text artbackgnd3.html
97.02.11 12:11 A C:\WebSite\text\intro.html --> home.clara.net /text intro.html
97.02.11 12:11 A C:\WebSite\text\links.html --> home.clara.net /text links.html
97.02.11 12:11 A C:\WebSite\text\visualmusic.html --> home.clara.net /text visualmusic.html
97.02.11 12:19 A C:\WebSite\text\visualmusic.html --> home.clara.net /text visualmusic.html
97.02.11 12:21 A C:\WebSite\text\visualmusic.html --> home.clara.net /text visualmusic.html
97.02.11 12:32 A C:\WebSite\text\visualmusic.html --> home.clara.net /text visualmusic.html
97.02.11 12:34 A C:\WebSite\text\fmf.html --> home.clara.net /text fmf.html
97.02.11 12:34 A C:\WebSite\text\othersites.html --> home.clara.net /text othersites.html
97.02.11 20:30 A C:\WebSite\text\visualmusic.html --> home.clara.net /text visualmusic.html
97.02.11 20:30 A C:\WebSite\text\zippagetext.html --> home.clara.net /text zippagetext.html
97.02.12 22:42 A C:\WebSite\text\artbackgnd3.html --> home.clara.net /text artbackgnd3.html
97.02.12 22:42 A C:\WebSite\text\blacktemplate.html --> home.clara.net /text blacktemplate.html
97.02.12 22:42 A C:\WebSite\text\fmf.html --> home.clara.net /text fmf.html
97.02.12 22:42 A C:\WebSite\text\links.html --> home.clara.net /text links.html
97.02.12 22:42 A C:\WebSite\text\nozone.html --> home.clara.net /text nozone.html
97.02.12 22:42 A C:\WebSite\text\othersites.html --> home.clara.net /text othersites.html
97.02.12 22:42 A C:\WebSite\text\simpledraw2.html --> home.clara.net /text simpledraw2.html
97.02.12 22:42 A C:\WebSite\text\visualmusic.html --> home.clara.net /text visualmusic.html
97.02.12 22:42 A C:\WebSite\text\ziplogo.html --> home.clara.net /text ziplogo.html
97.02.12 22:42 A C:\WebSite\text\zippage.html --> home.clara.net /text zippage.html
97.02.12 22:42 A C:\WebSite\text\zippagetext.html --> home.clara.net /text zippagetext.html
97.02.12 22:43 A C:\WebSite\text\fadein.html --> home.clara.net /text fadein.html
97.02.12 22:49 A C:\WebSite\text\fadein.html --> home.clara.net /text fadein.html
97.02.13 15:41 A C:\WebSite\text\fadein.html --> home.clara.net /text fadein.html
97.02.13 15:45 A C:\WebSite\text\fadein.html --> home.clara.net /text fadein.html
97.02.13 17:09 A C:\WebSite\text\fadein.html --> home.clara.net /text fadein.html
97.02.14 18:07 A C:\WebSite\text\artbackgnd1.html --> home.clara.net /text artbackgnd1.html
97.02.14 18:07 A C:\WebSite\text\artbackgnd2.html --> home.clara.net /text artbackgnd2.html
97.02.14 18:07 A C:\WebSite\text\artbackgnd3.html --> home.clara.net /text artbackgnd3.html
97.02.14 18:07 A C:\WebSite\text\gallery.html --> home.clara.net /text gallery.html
97.02.14 18:07 A C:\WebSite\text\instantjava.html --> home.clara.net /text instantjava.html
97.02.14 18:08 A C:\WebSite\text\links.html --> home.clara.net /text links.html
97.02.14 18:08 A C:\WebSite\text\visualmusic.html --> home.clara.net /text visualmusic.html
97.02.14 18:08 A C:\WebSite\text\ziplogo.html --> home.clara.net /text ziplogo.html
97.02.14 18:08 A C:\WebSite\text\zippage.html --> home.clara.net /text zippage.html
97.02.14 18:08 A C:\WebSite\text\zippagetext.html --> home.clara.net /text zippagetext.html
97.02.14 18:35 A C:\WebSite\text\fadein.html --> home.clara.net /text fadein.html
97.02.14 18:57 A C:\WebSite\text\visualmusic.html --> home.clara.net /text visualmusic.html
97.02.15 10:24 A C:\WebSite\text\instantjava.html --> home.clara.net /text instantjava.html
97.02.15 10:28 A C:\WebSite\text\instantjava.html --> home.clara.net /text instantjava.html
97.02.15 10:42 A C:\WebSite\text\instantjava.html --> home.clara.net /text instantjava.html
97.02.15 19:01 A C:\WebSite\text\entryzone.html --> home.clara.net /text entryzone.html
97.02.15 19:01 A C:\WebSite\text\othersites.html --> home.clara.net /text othersites.html
97.02.16 21:13 A C:\WebSite\text\fadein.html --> home.clara.net /text fadein.html
97.02.17 14:20 A C:\WebSite\text\artbackgnd1.html --> home.clara.net /text artbackgnd1.html
97.02.23 10:50 A C:\WebSite\text\simpledraw2.html --> home.clara.net /text simpledraw2.html
97.02.25 14:16 A C:\WebSite\text\entryzone.html --> home.clara.net /text entryzone.html
97.02.25 22:50 A C:\WebSite\text\artbackgnd.html --> home.clara.net /text artbackgnd.html
97.02.25 22:50 A C:\WebSite\text\artbackgndold.html --> home.clara.net /text artbackgndold.html
97.02.25 22:50 A C:\WebSite\text\artmusic.html --> home.clara.net /text artmusic.html
97.02.25 22:50 A C:\WebSite\text\likewords.html --> home.clara.net /text likewords.html
97.02.25 22:50 A C:\WebSite\text\links.html --> home.clara.net /text links.html
97.02.25 22:50 A C:\WebSite\text\nozone.html --> home.clara.net /text nozone.html
97.02.25 22:50 A C:\WebSite\text\simpledraw2.html --> home.clara.net /text simpledraw2.html
97.02.25 22:50 A C:\WebSite\text\visualmusic.html --> home.clara.net /text visualmusic.html
97.02.25 22:50 A C:\WebSite\text\zippageold.html --> home.clara.net /text zippageold.html
97.02.25 22:50 A C:\WebSite\text\zippagetext.html --> home.clara.net /text zippagetext.html
97.02.25 22:57 A C:\WebSite\text\entryzone.html --> home.clara.net /text entryzone.html
97.03.01 14:47 A C:\WebSite\text\intro.html --> home.clara.net /text intro.html
97.03.01 14:47 A C:\WebSite\text\ziplogo.html --> home.clara.net /text ziplogo.html
97.03.03 10:35 A C:\WebSite\text\intro.html --> home.clara.net /text intro.html
97.03.03 10:35 A C:\WebSite\text\zippagetext.html --> home.clara.net /text zippagetext.html
97.03.03 21:07 A C:\WebSite\text\fmf.html --> home.clara.net /text fmf.html
97.03.03 21:08 A C:\WebSite\text\othersites.html --> home.clara.net /text othersites.html
97.03.03 21:09 A C:\WebSite\text\othersites.html --> home.clara.net /text othersites.html
97.03.07 19:11 A C:\WebSite\text\javazip.html --> home.clara.net /text javazip.html
97.03.07 19:13 A C:\WebSite\text\javazip.html --> home.clara.net /text javazip.html
97.04.06 22:54 A C:\WebSite\text\visualmusic.html --> home.clara.net /text visualmusic.html
97.04.10 21:44 A C:\WebSite\text\visualmusic.html --> home.clara.net /text visualmusic.html
97.04.14 19:11 A C:\WebSite\text\visualmusic.html --> home.clara.net /text visualmusic.html
97.07.28 22:49 A C:\WebSite\text\artbackgnd1print.html --> home.clara.net /text artbackgnd1print.html
97.07.28 22:49 A C:\WebSite\text\artbackgnd2print.html --> home.clara.net /text artbackgnd2print.html
97.07.28 22:49 A C:\WebSite\text\artbackgnd3print.html --> home.clara.net /text artbackgnd3print.html
97.09.12 14:42 A C:\WebSite\text\zippagetext.html --> home.clara.net /text zippagetext.html
97.09.20 13:32 A C:\WebSite\text\artbackgnd1.html --> home.clara.net /text artbackgnd1.html
97.09.20 13:32 A C:\WebSite\text\artbackgnd2.html --> home.clara.net /text artbackgnd2.html
97.09.20 13:32 A C:\WebSite\text\artbackgnd3.html --> home.clara.net /text artbackgnd3.html
97.09.20 13:32 A C:\WebSite\text\bt.html --> home.clara.net /text bt.html
97.09.20 13:33 A C:\WebSite\text\close8.html --> home.clara.net /text close8.html
97.09.20 13:33 A C:\WebSite\text\filmstrip.html --> home.clara.net /text filmstrip.html
97.09.20 13:33 A C:\WebSite\text\orches01.html --> home.clara.net /text orches01.html
97.09.20 13:33 A C:\WebSite\text\orchestra.html --> home.clara.net /text orchestra.html
97.09.20 13:33 A C:\WebSite\text\pianosmall.html --> home.clara.net /text pianosmall.html
97.09.20 13:33 A C:\WebSite\text\spin_on.html --> home.clara.net /text spin_on.html
97.09.20 13:33 A C:\WebSite\text\spinme.html --> home.clara.net /text spinme.html
97.09.20 13:33 A C:\WebSite\text\spinoff.html --> home.clara.net /text spinoff.html
97.09.20 13:33 A C:\WebSite\text\studio.html --> home.clara.net /text studio.html
97.09.20 13:33 A C:\WebSite\text\superstringsmall.html --> home.clara.net /text superstringsmall.html
97.09.20 13:33 A C:\WebSite\text\swiss.html --> home.clara.net /text swiss.html
97.09.20 13:33 A C:\WebSite\text\swiss2.html --> home.clara.net /text swiss2.html
97.11.19 12:10 A C:\WebSite\text\artbackgnd3.html --> home.clara.net /text artbackgnd3.html
97.11.19 12:10 A C:\WebSite\text\artmusic.html --> home.clara.net /text artmusic.html
97.11.19 12:10 A C:\WebSite\text\othersites.html --> home.clara.net /text othersites.html
97.11.19 12:10 A C:\WebSite\text\whatsnew.html --> home.clara.net /text whatsnew.html
97.11.19 12:10 A C:\WebSite\text\zippagetext.html --> home.clara.net /text zippagetext.html
97.11.19 12:21 A C:\WebSite\text\whatsnew.html --> home.clara.net /text whatsnew.html
97.11.22 23:36 A C:\WebSite\text\whatsnew.html --> home.clara.net /text whatsnew.html
98.01.26 11:45 A C:\WebSite\text\lightforms98.html --> home.clara.net / lightforms98.html
98.01.26 11:50 A C:\WebSite\text\lightforms98.html --> home.clara.net /text lightforms98.html
98.01.26 16:30 A C:\WebSite\text\lightforms98.html <-- Claranet /text lightforms98.html
98.02.03 18:25 A C:\WebSite\text\lightforms98.html --> home.clara.net /text lightforms98.html
98.02.18 21:51 A C:\WebSite\text\lightforms98.html --> home.clara.net /text lightforms98.html
98.02.18 21:55 A C:\WebSite\text\lightforms98.html --> home.clara.net /text lightforms98.html
98.02.18 21:57 A C:\WebSite\text\lightforms98.html --> home.clara.net /text lightforms98.html
98.02.18 21:59 A C:\WebSite\text\lightforms98.html --> home.clara.net /text lightforms98.html
98.02.18 22:02 A C:\WebSite\text\lightforms98.html --> home.clara.net /text lightforms98.html
98.03.17 20:36 A C:\WebSite\text\dark00.html --> home.clara.net /text dark00.html
98.03.17 20:36 A C:\WebSite\text\dark01.html --> home.clara.net /text dark01.html
98.03.17 20:36 A C:\WebSite\text\dark02.html --> home.clara.net /text dark02.html
98.03.17 20:36 A C:\WebSite\text\dark03.html --> home.clara.net /text dark03.html
98.03.17 20:36 A C:\WebSite\text\dark04.html --> home.clara.net /text dark04.html
98.03.17 20:36 A C:\WebSite\text\lightforms98.html --> home.clara.net /text lightforms98.html
98.03.17 20:42 A C:\WebSite\text\lightforms98.html --> home.clara.net /text lightforms98.html
98.05.04 21:47 A C:\WebSite\text\dark00.html --> home.clara.net /text dark00.html
98.05.04 21:47 A C:\WebSite\text\lightforms98.html --> home.clara.net /text lightforms98.html
98.05.04 21:47 A C:\WebSite\text\littlegirl.html --> home.clara.net /text littlegirl.html
98.05.04 21:50 A C:\WebSite\text\dark00.html --> home.clara.net /text dark00.html
98.05.04 21:50 A C:\WebSite\text\lightforms98.html --> home.clara.net /text lightforms98.html
98.05.04 21:50 A C:\WebSite\text\littlegirl.html --> home.clara.net /text littlegirl.html
98.05.16 21:35 A C:\WebSite\text\artbackgnd3.html --> home.clara.net /text artbackgnd3.html
98.06.23 18:49 A C:\WebSite\text\guardian.html --> home.clara.net /webspace/text guardian.html
98.06.23 18:49 A C:\WebSite\text\lightforms98.html --> home.clara.net /webspace/text lightforms98.html
98.06.23 18:49 A C:\WebSite\text\mainpage.html --> home.clara.net /webspace/text mainpage.html
98.06.23 18:49 A C:\WebSite\text\papers.html --> home.clara.net /webspace/text papers.html
98.06.23 18:49 A C:\WebSite\text\titles.html --> home.clara.net /webspace/text titles.html
98.06.23 18:50 A C:\WebSite\text\villagevoice.html --> home.clara.net /webspace/text villagevoice.html
98.06.23 18:53 A C:\WebSite\text\mainpage.html --> home.clara.net /webspace/text mainpage.html
98.06.23 18:55 A C:\WebSite\text\villagevoice.html --> home.clara.net /webspace/text villagevoice.html
98.06.23 18:57 A C:\WebSite\text\lightforms98.html --> home.clara.net /webspace/text lightforms98.html
98.06.26 22:09 A C:\WebSite\text\guardian.html --> home.clara.net /webspace/text guardian.html
98.07.17 12:16 A C:\WebSite\text\lightandsound.html --> home.clara.net /webspace/text lightandsound.html
98.07.17 12:16 A C:\WebSite\text\papers.html --> home.clara.net /webspace/text papers.html
98.07.17 12:16 A C:\WebSite\text\titles.html --> home.clara.net /webspace/text titles.html
98.11.24 21:13 A C:\WebSite\text\artbackgnd1.html --> home.clara.net /webspace/text artbackgnd1.html
98.12.01 20:41 A C:\WebSite\text\visualmusic.html --> home.clara.net /webspace/text visualmusic.html
98.12.03 21:04 A C:\WebSite\text\visualmusic.html --> home.clara.net /webspace/text visualmusic.html
98.12.03 21:04 A C:\WebSite\text\superstring.html --> home.clara.net /webspace/text superstring.html
98.12.04 15:29 A C:\WebSite\text\visualmusic.html --> home.clara.net /webspace/text visualmusic.html
98.12.04 15:29 A C:\WebSite\text\zippagetext.html --> home.clara.net /webspace/text zippagetext.html
98.12.05 14:44 A C:\WebSite\text\visualmusic.html --> home.clara.net /webspace/text visualmusic.html
98.12.05 19:33 A C:\WebSite\text\gigazone.html --> home.clara.net /webspace/text gigazone.html
98.12.05 19:42 A C:\WebSite\text\links.html --> home.clara.net /webspace/text links.html
98.12.05 19:42 A C:\WebSite\text\othersites.html --> home.clara.net /webspace/text othersites.html
98.12.05 20:03 A C:\WebSite\text\othersites.html --> home.clara.net /webspace/text othersites.html
98.12.05 20:03 A C:\WebSite\text\zippagetext.html --> home.clara.net /webspace/text zippagetext.html
99.04.30 22:59 A C:\WebSite\text\zippageold.html --> home.clara.net /webspace/text zippageold.html
99.04.30 22:59 A C:\WebSite\text\zippagetext.html --> home.clara.net /webspace/text zippagetext.html
100.01.31 23:02 B C:\WebSite\text\artbackgnd1.html --> home.clara.net /webspace/text artbackgnd1.html
100.01.31 23:02 B C:\WebSite\text\artbackgnd2.html --> home.clara.net /webspace/text artbackgnd2.html
100.01.31 23:02 B C:\WebSite\text\artbackgnd3.html --> home.clara.net /webspace/text artbackgnd3.html
100.01.31 23:02 B C:\WebSite\text\galleryintro.html --> home.clara.net /webspace/text galleryintro.html
100.01.31 23:02 B C:\WebSite\text\links.html --> home.clara.net /webspace/text links.html
100.01.31 23:02 B C:\WebSite\text\nozone.html --> home.clara.net /webspace/text nozone.html
100.01.31 23:02 B C:\WebSite\text\Nutopia.html --> home.clara.net /webspace/text Nutopia.html
100.01.31 23:02 B C:\WebSite\text\othersites.html --> home.clara.net /webspace/text othersites.html
100.01.31 23:02 B C:\WebSite\text\simpledraw2.html --> home.clara.net /webspace/text simpledraw2.html
100.01.31 23:02 B C:\WebSite\text\Walsall.html --> home.clara.net /webspace/text Walsall.html
100.01.31 23:03 A C:\WebSite\text\artbackgnd1.html --> home.clara.net /webspace/text artbackgnd1.html
100.01.31 23:03 A C:\WebSite\text\artbackgnd2.html --> home.clara.net /webspace/text artbackgnd2.html
100.01.31 23:03 A C:\WebSite\text\artbackgnd3.html --> home.clara.net /webspace/text artbackgnd3.html
100.01.31 23:03 A C:\WebSite\text\galleryintro.html --> home.clara.net /webspace/text galleryintro.html
100.01.31 23:03 A C:\WebSite\text\links.html --> home.clara.net /webspace/text links.html
100.01.31 23:03 A C:\WebSite\text\nozone.html --> home.clara.net /webspace/text nozone.html
100.01.31 23:03 A C:\WebSite\text\Nutopia.html --> home.clara.net /webspace/text Nutopia.html
100.01.31 23:03 A C:\WebSite\text\othersites.html --> home.clara.net /webspace/text othersites.html
100.01.31 23:03 A C:\WebSite\text\simpledraw2.html --> home.clara.net /webspace/text simpledraw2.html
100.01.31 23:03 A C:\WebSite\text\Walsall.html --> home.clara.net /webspace/text Walsall.html
100.01.31 23:10 A C:\WebSite\text\Nutopia.html --> home.clara.net /webspace/text Nutopia.html
100.01.31 23:14 A C:\WebSite\text\Nutopia.html --> home.clara.net /webspace/text Nutopia.html
100.02.01 21:28 A C:\WebSite\text\Nutopia.html --> home.clara.net /webspace/text Nutopia.html
100.02.03 18:40 A C:\WebSite\text\artbackgnd1.html --> home.clara.net /webspace/text artbackgnd1.html
100.02.04 16:52 A C:\WebSite\text\othersites.html --> home.clara.net /webspace/text othersites.html
100.02.13 22:55 A C:\WebSite\text\actuel.html --> home.clara.net /webspace/text actuel.html
100.02.13 22:56 A C:\WebSite\text\guardian.html --> home.clara.net /webspace/text guardian.html
100.02.13 22:56 A C:\WebSite\text\independentonsunday.html --> home.clara.net /webspace/text independentonsunday.html
100.02.13 22:56 A C:\WebSite\text\lightandsound.html --> home.clara.net /webspace/text lightandsound.html
100.02.13 22:56 A C:\WebSite\text\lightforms98.html --> home.clara.net /webspace/text lightforms98.html
100.02.13 22:56 A C:\WebSite\text\Nutopia.html --> home.clara.net /webspace/text Nutopia.html
100.02.13 22:56 A C:\WebSite\text\papers.html --> home.clara.net /webspace/text papers.html
100.02.13 22:56 A C:\WebSite\text\physicstoday.html --> home.clara.net /webspace/text physicstoday.html
100.02.13 22:57 A C:\WebSite\text\titles.html --> home.clara.net /webspace/text titles.html
100.02.13 22:57 A C:\WebSite\text\villagevoice.html --> home.clara.net /webspace/text villagevoice.html
100.02.13 22:57 A C:\WebSite\text\Walsall.html --> home.clara.net /webspace/text Walsall.html
100.02.13 23:03 A C:\WebSite\text\actuel.html --> home.clara.net /webspace/text actuel.html
100.02.13 23:07 A C:\WebSite\text\physicstoday.html --> home.clara.net /webspace/text physicstoday.html
100.02.15 20:41 A C:\WebSite\text\actuel.html --> home.clara.net /webspace/text actuel.html
100.02.15 20:41 A C:\WebSite\text\othersites.html --> home.clara.net /webspace/text othersites.html
100.02.18 18:13 A C:\WebSite\text\artbackgnd0.html --> home.clara.net /webspace/text artbackgnd0.html
100.02.18 18:15 A C:\WebSite\text\artbackgnd1.html --> home.clara.net /webspace/text artbackgnd1.html
100.02.28 20:22 A C:\WebSite\text\zippagetext.html --> home.clara.net /webspace/text zippagetext.html
100.02.28 20:33 A C:\WebSite\text\whatsnew.html --> home.clara.net /webspace/text whatsnew.html
100.03.02 11:04 A C:\WebSite\text\computerarts.html --> home.clara.net /webspace/text computerarts.html
100.03.02 11:04 A C:\WebSite\text\titles.html --> home.clara.net /webspace/text titles.html
100.03.02 21:17 A C:\WebSite\text\computerarts.html --> home.clara.net /webspace/text computerarts.html
100.03.02 21:22 A C:\WebSite\text\computerarts.html --> home.clara.net /webspace/text computerarts.html
100.03.06 18:39 A C:\WebSite\text\007.html --> home.clara.net /webspace/text 007.html
100.03.06 18:39 A C:\WebSite\text\actuel.html --> home.clara.net /webspace/text actuel.html
100.03.06 18:39 A C:\WebSite\text\papers.html --> home.clara.net /webspace/text papers.html
100.03.06 18:39 A C:\WebSite\text\timeout.htm --> home.clara.net /webspace/text timeout.htm
100.03.06 18:39 A C:\WebSite\text\titles.html --> home.clara.net /webspace/text titles.html
100.03.13 22:48 A C:\WebSite\text\artbackgnd1.html --> home.clara.net /webspace/text artbackgnd1.html
100.03.13 22:49 A C:\WebSite\text\artbackgnd2.html --> home.clara.net /webspace/text artbackgnd2.html
100.03.22 10:47 A C:\WebSite\text\vegas.html --> home.clara.net /webspace/text vegas.html
100.06.01 09:23 A C:\WebSite\text\Nutopia.html --> home.clara.net /webspace/text Nutopia.html
100.11.02 10:40 A C:\WebSite\text\barcelona.html --> home.clara.net /webspace/text barcelona.html
100.11.02 10:40 A C:\WebSite\text\lightforms98.html --> home.clara.net /webspace/text lightforms98.html
100.11.02 10:40 A C:\WebSite\text\metromanchester.html --> home.clara.net /webspace/text metromanchester.html
100.11.02 10:40 A C:\WebSite\text\Nutopia.html --> home.clara.net /webspace/text Nutopia.html
100.11.02 10:40 A C:\WebSite\text\othersites.html --> home.clara.net /webspace/text othersites.html
100.11.02 10:40 A C:\WebSite\text\vegas.html --> home.clara.net /webspace/text vegas.html
100.11.02 10:40 A C:\WebSite\text\Walsall.html --> home.clara.net /webspace/text Walsall.html
100.11.02 10:40 A C:\WebSite\text\wavefactory.html --> home.clara.net /webspace/text wavefactory.html
100.11.17 13:59 A C:\WebSite\text\vegas.html --> home.clara.net /webspace/text vegas.html
101.04.25 10:17 A C:\WebSite\text\france.htm --> home.clara.net /webspace/text france.htm
101.05.21 19:49 A C:\WebSite\text\artbackgnd0.html --> home.clara.net /webspace/text artbackgnd0.html
101.11.03 15:43 A C:\WebSite\text\chinesepapers.htm --> home.clara.net /webspace/text chinesepapers.htm
101.11.03 15:43 A C:\WebSite\text\memyself.htm --> home.clara.net /webspace/text memyself.htm
101.11.03 15:43 A C:\WebSite\text\othersites.html --> home.clara.net /webspace/text othersites.html
101.11.03 15:43 A C:\WebSite\text\singapore.htm --> home.clara.net /webspace/text singapore.htm
101.11.03 15:43 A C:\WebSite\text\sms.htm --> home.clara.net /webspace/text sms.htm
101.11.03 15:43 A C:\WebSite\text\straittimes.htm --> home.clara.net /webspace/text straittimes.htm
101.11.03 15:43 A C:\WebSite\text\titles.html --> home.clara.net /webspace/text titles.html
101.11.03 16:02 A C:\WebSite\text\singapore.htm --> home.clara.net /webspace/text singapore.htm
101.11.03 16:08 A C:\WebSite\text\singapore.htm --> home.clara.net /webspace/text singapore.htm
101.11.03 16:27 A C:\WebSite\text\singapore.htm --> home.clara.net /webspace/text singapore.htm
101.11.03 16:28 A C:\WebSite\text\singapore.htm --> home.clara.net /webspace/text singapore.htm
101.11.03 16:30 A C:\WebSite\text\singapore.htm --> home.clara.net /webspace/text singapore.htm
101.11.04 18:24 A C:\WebSite\text\artbackgnd3.html --> home.clara.net /webspace/text artbackgnd3.html
101.11.12 11:27 A C:\WebSite\text\007.html --> www.paulfriedlander.com /public/www/text 007.html
101.11.12 11:27 A C:\WebSite\text\AboutCasparDialog.html --> www.paulfriedlander.com /public/www/text AboutCasparDialog.html
101.11.12 11:27 A C:\WebSite\text\aboutzipart.htm --> www.paulfriedlander.com /public/www/text aboutzipart.htm
101.11.12 11:27 A C:\WebSite\text\actuel.html --> www.paulfriedlander.com /public/www/text actuel.html
101.11.12 11:27 A C:\WebSite\text\altanimate.html --> www.paulfriedlander.com /public/www/text altanimate.html
101.11.12 11:27 A C:\WebSite\text\altframetest.html --> www.paulfriedlander.com /public/www/text altframetest.html
101.11.12 11:27 A C:\WebSite\text\animate.html --> www.paulfriedlander.com /public/www/text animate.html
101.11.12 11:27 A C:\WebSite\text\animate3D.html --> www.paulfriedlander.com /public/www/text animate3D.html
101.11.12 11:27 A C:\WebSite\text\artbackgnd.html --> www.paulfriedlander.com /public/www/text artbackgnd.html
101.11.12 11:27 A C:\WebSite\text\artbackgnd0.html --> www.paulfriedlander.com /public/www/text artbackgnd0.html
101.11.12 11:27 A C:\WebSite\text\artbackgnd1.html --> www.paulfriedlander.com /public/www/text artbackgnd1.html
101.11.12 11:27 A C:\WebSite\text\artbackgnd1print.html --> www.paulfriedlander.com /public/www/text artbackgnd1print.html
101.11.12 11:27 A C:\WebSite\text\artbackgnd2.html --> www.paulfriedlander.com /public/www/text artbackgnd2.html
101.11.12 11:27 A C:\WebSite\text\artbackgnd2print.html --> www.paulfriedlander.com /public/www/text artbackgnd2print.html
101.11.12 11:27 A C:\WebSite\text\artbackgnd3.html --> www.paulfriedlander.com /public/www/text artbackgnd3.html
101.11.12 11:27 A C:\WebSite\text\artbackgnd3print.html --> www.paulfriedlander.com /public/www/text artbackgnd3print.html
101.11.12 11:27 A C:\WebSite\text\artbackgndold.html --> www.paulfriedlander.com /public/www/text artbackgndold.html
101.11.12 11:27 A C:\WebSite\text\artmusic.html --> www.paulfriedlander.com /public/www/text artmusic.html
101.11.12 11:28 A C:\WebSite\text\barcelona.html --> www.paulfriedlander.com /public/www/text barcelona.html
101.11.12 11:28 A C:\WebSite\text\bigclose.html --> www.paulfriedlander.com /public/www/text bigclose.html
101.11.12 11:28 A C:\WebSite\text\blacktemplate.html --> www.paulfriedlander.com /public/www/text blacktemplate.html
101.11.12 11:28 A C:\WebSite\text\bt.html --> www.paulfriedlander.com /public/www/text bt.html
101.11.12 11:28 A C:\WebSite\text\Casper_Main.html --> www.paulfriedlander.com /public/www/text Casper_Main.html
101.11.12 11:28 A C:\WebSite\text\chinesepapers.htm --> www.paulfriedlander.com /public/www/text chinesepapers.htm
101.11.12 11:28 A C:\WebSite\text\close8.gif.html --> www.paulfriedlander.com /public/www/text close8.gif.html
101.11.12 11:28 A C:\WebSite\text\close8.html --> www.paulfriedlander.com /public/www/text close8.html
101.11.12 11:28 A C:\WebSite\text\computerarts.html --> www.paulfriedlander.com /public/www/text computerarts.html
101.11.12 11:28 A C:\WebSite\text\CV.htm --> www.paulfriedlander.com /public/www/text CV.htm
101.11.12 11:28 A C:\WebSite\text\dark00.html --> www.paulfriedlander.com /public/www/text dark00.html
101.11.12 11:28 A C:\WebSite\text\dark01.html --> www.paulfriedlander.com /public/www/text dark01.html
101.11.12 11:28 A C:\WebSite\text\dark02.html --> www.paulfriedlander.com /public/www/text dark02.html
101.11.12 11:28 A C:\WebSite\text\dark03.html --> www.paulfriedlander.com /public/www/text dark03.html
101.11.12 11:28 A C:\WebSite\text\dark04.html --> www.paulfriedlander.com /public/www/text dark04.html
101.11.12 11:28 A C:\WebSite\text\entryzone.html --> www.paulfriedlander.com /public/www/text entryzone.html
101.11.12 11:28 A C:\WebSite\text\fadein.html --> www.paulfriedlander.com /public/www/text fadein.html
101.11.12 11:28 A C:\WebSite\text\filmstrip.html --> www.paulfriedlander.com /public/www/text filmstrip.html
101.11.12 11:28 A C:\WebSite\text\fmf.html --> www.paulfriedlander.com /public/www/text fmf.html
101.11.12 11:28 A C:\WebSite\text\frametest.html --> www.paulfriedlander.com /public/www/text frametest.html
101.11.12 11:28 A C:\WebSite\text\france.htm --> www.paulfriedlander.com /public/www/text france.htm
101.11.12 11:28 A C:\WebSite\text\gallery.html --> www.paulfriedlander.com /public/www/text gallery.html
101.11.12 11:28 A C:\WebSite\text\galleryguide.html --> www.paulfriedlander.com /public/www/text galleryguide.html
101.11.12 11:28 A C:\WebSite\text\galleryguide2.html --> www.paulfriedlander.com /public/www/text galleryguide2.html
101.11.12 11:28 A C:\WebSite\text\galleryintro.html --> www.paulfriedlander.com /public/www/text galleryintro.html
101.11.12 11:28 A C:\WebSite\text\gigaguide.html --> www.paulfriedlander.com /public/www/text gigaguide.html
101.11.12 11:28 A C:\WebSite\text\gigazone.html --> www.paulfriedlander.com /public/www/text gigazone.html
101.11.12 11:28 A C:\WebSite\text\guardian.html --> www.paulfriedlander.com /public/www/text guardian.html
101.11.12 11:28 A C:\WebSite\text\independentonsunday.html --> www.paulfriedlander.com /public/www/text independentonsunday.html
101.11.12 11:28 A C:\WebSite\text\index.html --> www.paulfriedlander.com /public/www/text index.html
101.11.12 11:29 A C:\WebSite\text\instantjava.html --> www.paulfriedlander.com /public/www/text instantjava.html
101.11.12 11:29 A C:\WebSite\text\intro.html --> www.paulfriedlander.com /public/www/text intro.html
101.11.12 11:29 A C:\WebSite\text\javatest.html --> www.paulfriedlander.com /public/www/text javatest.html
101.11.12 11:29 A C:\WebSite\text\javazip.html --> www.paulfriedlander.com /public/www/text javazip.html
101.11.12 11:29 A C:\WebSite\text\lightandsound.html --> www.paulfriedlander.com /public/www/text lightandsound.html
101.11.12 11:29 A C:\WebSite\text\lightforms98.html --> www.paulfriedlander.com /public/www/text lightforms98.html
101.11.12 11:29 A C:\WebSite\text\lightforms98alt.htm --> www.paulfriedlander.com /public/www/text lightforms98alt.htm
101.11.12 11:29 A C:\WebSite\text\likewords.html --> www.paulfriedlander.com /public/www/text likewords.html
101.11.12 11:29 A C:\WebSite\text\links.html --> www.paulfriedlander.com /public/www/text links.html
101.11.12 11:29 A C:\WebSite\text\littlegirl.html --> www.paulfriedlander.com /public/www/text littlegirl.html
101.11.12 11:29 A C:\WebSite\text\mainpage.html --> www.paulfriedlander.com /public/www/text mainpage.html
101.11.12 11:29 A C:\WebSite\text\memyself.htm --> www.paulfriedlander.com /public/www/text memyself.htm
101.11.12 11:29 A C:\WebSite\text\metromanchester.html --> www.paulfriedlander.com /public/www/text metromanchester.html
101.11.12 11:29 A C:\WebSite\text\mostimages.html --> www.paulfriedlander.com /public/www/text mostimages.html
101.11.12 11:29 A C:\WebSite\text\nozone.html --> www.paulfriedlander.com /public/www/text nozone.html
101.11.12 11:29 A C:\WebSite\text\Nutopia.html --> www.paulfriedlander.com /public/www/text Nutopia.html
101.11.12 11:29 A C:\WebSite\text\orches01.html --> www.paulfriedlander.com /public/www/text orches01.html
101.11.12 11:29 A C:\WebSite\text\orchestra.html --> www.paulfriedlander.com /public/www/text orchestra.html
101.11.12 11:29 A C:\WebSite\text\othersites.html --> www.paulfriedlander.com /public/www/text othersites.html
101.11.12 11:29 A C:\WebSite\text\papers.html --> www.paulfriedlander.com /public/www/text papers.html
101.11.12 11:29 A C:\WebSite\text\Pete.html --> www.paulfriedlander.com /public/www/text Pete.html
101.11.12 11:29 A C:\WebSite\text\physicstoday.html --> www.paulfriedlander.com /public/www/text physicstoday.html
101.11.12 11:29 A C:\WebSite\text\pianosmall.html --> www.paulfriedlander.com /public/www/text pianosmall.html
101.11.12 11:29 A C:\WebSite\text\pictures.html --> www.paulfriedlander.com /public/www/text pictures.html
101.11.12 11:29 A C:\WebSite\text\press.htm --> www.paulfriedlander.com /public/www/text press.htm
101.11.12 11:29 A C:\WebSite\text\presstitles.html --> www.paulfriedlander.com /public/www/text presstitles.html
101.11.12 11:29 A C:\WebSite\text\searchtest.html --> www.paulfriedlander.com /public/www/text searchtest.html
101.11.12 11:29 A C:\WebSite\text\simpledraw2.html --> www.paulfriedlander.com /public/www/text simpledraw2.html
101.11.12 11:29 A C:\WebSite\text\singapore.htm --> www.paulfriedlander.com /public/www/text singapore.htm
101.11.12 11:29 A C:\WebSite\text\sms.htm --> www.paulfriedlander.com /public/www/text sms.htm
101.11.12 11:29 A C:\WebSite\text\spin_on.html --> www.paulfriedlander.com /public/www/text spin_on.html
101.11.12 11:29 A C:\WebSite\text\spinme.html --> www.paulfriedlander.com /public/www/text spinme.html
101.11.12 11:29 A C:\WebSite\text\spinoff.html --> www.paulfriedlander.com /public/www/text spinoff.html
101.11.12 11:29 A C:\WebSite\text\straittimes.htm --> www.paulfriedlander.com /public/www/text straittimes.htm
101.11.12 11:30 A C:\WebSite\text\studio.gif.html --> www.paulfriedlander.com /public/www/text studio.gif.html
101.11.12 11:30 A C:\WebSite\text\studio.html --> www.paulfriedlander.com /public/www/text studio.html
101.11.12 11:30 A C:\WebSite\text\superstring.html --> www.paulfriedlander.com /public/www/text superstring.html
101.11.12 11:30 A C:\WebSite\text\superstringsmall.html --> www.paulfriedlander.com /public/www/text superstringsmall.html
101.11.12 11:30 A C:\WebSite\text\swiss.html --> www.paulfriedlander.com /public/www/text swiss.html
101.11.12 11:30 A C:\WebSite\text\swiss2.html --> www.paulfriedlander.com /public/www/text swiss2.html
101.11.12 11:30 A C:\WebSite\text\timeout.htm --> www.paulfriedlander.com /public/www/text timeout.htm
101.11.12 11:30 A C:\WebSite\text\titles.html --> www.paulfriedlander.com /public/www/text titles.html
101.11.12 11:30 A C:\WebSite\text\vegas.html --> www.paulfriedlander.com /public/www/text vegas.html
101.11.12 11:30 A C:\WebSite\text\VideoCreteil.htm --> www.paulfriedlander.com /public/www/text VideoCreteil.htm
101.11.12 11:30 A C:\WebSite\text\villagevoice.html --> www.paulfriedlander.com /public/www/text villagevoice.html
101.11.12 11:30 A C:\WebSite\text\visualmusic.html --> www.paulfriedlander.com /public/www/text visualmusic.html
101.11.12 11:30 A C:\WebSite\text\visualmusicold.html --> www.paulfriedlander.com /public/www/text visualmusicold.html
101.11.12 11:30 A C:\WebSite\text\Walsall.html --> www.paulfriedlander.com /public/www/text Walsall.html
101.11.12 11:30 A C:\WebSite\text\wavefactory.html --> www.paulfriedlander.com /public/www/text wavefactory.html
101.11.12 11:30 A C:\WebSite\text\whatsnew.html --> www.paulfriedlander.com /public/www/text whatsnew.html
101.11.12 11:30 A C:\WebSite\text\WS_FTP.LOG --> www.paulfriedlander.com /public/www/text WS_FTP.LOG
101.11.12 11:30 A C:\WebSite\text\ziplogo.html --> www.paulfriedlander.com /public/www/text ziplogo.html
101.11.12 11:30 A C:\WebSite\text\zippage.html --> www.paulfriedlander.com /public/www/text zippage.html
101.11.12 11:30 A C:\WebSite\text\zippage2.html --> www.paulfriedlander.com /public/www/text zippage2.html
101.11.12 11:30 A C:\WebSite\text\zippageold.html --> www.paulfriedlander.com /public/www/text zippageold.html
101.11.12 11:30 A C:\WebSite\text\zippagetext.html --> www.paulfriedlander.com /public/www/text zippagetext.html
101.11.12 12:59 B C:\WebSite\text\artbackgnd0.html --> www.paulfriedlander.com /public/www/text artbackgnd0.html
101.11.12 13:02 B C:\WebSite\text\sms.htm --> www.paulfriedlander.com /public/www/text sms.htm
101.11.14 22:28 A C:\WebSite\text\singapore.htm --> www.paulfriedlander.com /public/www/text singapore.htm
101.11.14 22:31 A C:\WebSite\text\singapore.htm --> www.paulfriedlander.com /public/www/text singapore.htm
101.11.18 17:57 A C:\WebSite\text\Walsall.html --> www.paulfriedlander.com /public/www/text Walsall.html
102.03.23 05:13 A C:\WebSite\text\Nutopia.html --> www.paulfriedlander.com /public/www/text Nutopia.html
102.03.31 15:27 A C:\WebSite\text\resonantwave.htm --> www.paulfriedlander.com /public/www/text resonantwave.htm
102.03.31 15:31 A C:\WebSite\text\resonantwave.htm --> www.paulfriedlander.com /public/www/text resonantwave.htm
102.03.31 15:32 A C:\WebSite\text\resonantwave.htm --> www.paulfriedlander.com /public/www/text resonantwave.htm
102.03.31 15:35 A C:\WebSite\text\resonantwave.htm --> www.paulfriedlander.com /public/www/text resonantwave.htm
102.04.26 21:20 A C:\WebSite\text\artbackgnd.html --> www.paulfriedlander.com /public/www/text artbackgnd.html
102.04.26 21:24 A C:\WebSite\text\artbackgnd.html --> www.paulfriedlander.com /public/www/text artbackgnd.html
102.04.26 21:26 A C:\WebSite\text\artbackgnd.html --> www.paulfriedlander.com /public/www/text artbackgnd.html
102.04.26 21:28 A C:\WebSite\text\artbackgnd.html --> www.paulfriedlander.com /public/www/text artbackgnd.html
102.04.26 21:31 A C:\WebSite\text\artbackgnd1.html --> www.paulfriedlander.com /public/www/text artbackgnd1.html
102.04.26 21:34 A C:\WebSite\text\artbackgnd.html --> www.paulfriedlander.com /public/www/text artbackgnd.html
102.04.26 21:34 A C:\WebSite\text\artbackgnd1.html --> www.paulfriedlander.com /public/www/text artbackgnd1.html
102.07.01 18:48 A C:\WebSite\text\berlin.htm --> www.paulfriedlander.com /public/www/text berlin.htm
102.07.01 18:48 A C:\WebSite\text\upcoming.htm --> www.paulfriedlander.com /public/www/text upcoming.htm
102.07.01 18:55 A C:\WebSite\text\berlin.htm --> www.paulfriedlander.com /public/www/text berlin.htm
102.07.01 19:03 A C:\WebSite\text\berlin.htm --> www.paulfriedlander.com /public/www/text berlin.htm
